<?xml version="1.0" encoding="utf-8"?>
<TestRun id="4fbfe72b-df6b-413e-bb31-d2f6389884a2" name="Utilizador@COMPUTER 2023-08-29 19:35:26" runUser="COMPUTER\Utilizador">
  <Times creation="2023-08-29T19:35:26.3589967+01:00" queuing="2023-08-29T19:35:26.3589971+01:00" start="2023-08-29T19:35:25.5259659+01:00" finish="2023-08-29T19:35:26.3652254+01:00" />
  <TestSettings name="default" id="47f006f1-174a-40fe-8dd3-78256e22bccf">
    <Deployment runDeploymentRoot="Utilizador_COMPUTER_2023-08-29_19_35_26" />
  </TestSettings>
  <Results>
    <UnitTestResult executionId="a2222222-8309-483b-a1fd-414967943cf0" testId="86e2b6e4-df7a-e4fa-006e-c056c908e219" testName="TestWithScreenshot" computerName="COMPUTER" duration="00:00:00.0081300" startTime="2023-08-29T19:35:26.2207424+01:00" endTime="2023-08-29T19:35:26.2287977+01:00" testType="13cdc9d9-ddb5-4fa4-a97d-d965ccfc6d4b" outcome="Passed" testListId="8c84fa94-04c1-424b-9868-57a2d4851a1d" relativeResultsDirectory="a2222222-8309-483b-a1fd-414967943cf0">
      <Output>
        <StdOut>Test passed on rerun</StdOut>
      </Output>
      <ResultFiles>
        <ResultFile path="a2222222-8309-483b-a1fd-414967943cf0\screenshot2.png" />
      </ResultFiles>
    </UnitTestResult>
  </Results>
  <TestDefinitions>
    <UnitTest name="TestWithScreenshot" storage="c:\test.dll" id="86e2b6e4-df7a-e4fa-006e-c056c908e219">
      <Execution id="a2222222-8309-483b-a1fd-414967943cf0" />
      <TestMethod codeBase="C:\test.dll" adapterTypeName="executor://nunit3testexecutor/" className="Tests" name="TestWithScreenshot" />
    </UnitTest>
  </TestDefinitions>
  <TestEntries>
    <TestEntry testId="86e2b6e4-df7a-e4fa-006e-c056c908e219" executionId="a2222222-8309-483b-a1fd-414967943cf0" testListId="8c84fa94-04c1-424b-9868-57a2d4851a1d" />
  </TestEntries>
  <TestLists>
    <TestList name="Results Not in a List" id="8c84fa94-04c1-424b-9868-57a2d4851a1d" />
  </TestLists>
  <ResultSummary outcome="Completed">
    <Counters total="1" executed="1" passed="1" failed="0" error="0" timeout="0" aborted="0" inconclusive="0" passedButRunAborted="0" notRunnable="0" notExecuted="0" disconnected="0" warning="0" completed="0" inProgress="0" pending="0" />
  </ResultSummary>
</TestRun>
