<?xml version="1.0" encoding="utf-8"?>
<TestRun id="7f14a29f-fb2a-4c33-b519-c1dec97d8eaa" name="@fv-az635-124 2023-10-04 11:32:15" xmlns="http://microsoft.com/schemas/VisualStudio/TeamTest/2010">
  <Times creation="2023-10-04T11:32:15.5804688+00:00" queuing="2023-10-04T11:32:15.5804688+00:00" start="2023-10-04T11:32:10.8190954+00:00" finish="2023-10-04T11:32:17.1319833+00:00" />
  <TestSettings name="default" id="931d4838-386a-4b01-903e-5a0431fa42dd">
    <Deployment runDeploymentRoot="_fv-az635-124_2023-10-04_11_32_15" />
  </TestSettings>
  <Results>
    <UnitTestResult executionId="fb91ba1e-f278-476a-b7e4-8d76af051851" testId="e7d8c60a-a78e-021e-f338-d6871015868e" testName="ShouldExtractRefundMessages" computerName="fv-az635-124" duration="00:00:00.0010056" startTime="2023-10-04T11:32:15.6964810+00:00" endTime="2023-10-04T11:32:15.6981920+00:00" testType="13cdc9d9-ddb5-4fa4-a97d-d965ccfc6d4b" outcome="Passed" testListId="8c84fa94-04c1-424b-9868-57a2d4851a1d" relativeResultsDirectory="fb91ba1e-f278-476a-b7e4-8d76af051851" />
    <UnitTestResult executionId="1a734904-8e6b-48d2-8f5d-c7b91df912c8" testId="1f670645-d56f-933d-d08f-b27b7f0b94c5" testName="ShouldReturnTheCorrectCountryCodeFromaString (GBR,GBR)" computerName="fv-az635-124" duration="00:00:00.0000148" startTime="2023-10-04T11:32:16.6351280+00:00" endTime="2023-10-04T11:32:16.6358520+00:00" testType="13cdc9d9-ddb5-4fa4-a97d-d965ccfc6d4b" outcome="Passed" testListId="8c84fa94-04c1-424b-9868-57a2d4851a1d" relativeResultsDirectory="1a734904-8e6b-48d2-8f5d-c7b91df912c8" />
    <UnitTestResult executionId="7e2b3f14-5877-4a69-af1d-0c7e3790ae79" testId="f3815f6a-8938-1836-14ac-589e0b78c275" testName="Correct Params, Invalid HMAC 2" computerName="fv-az635-124" duration="00:00:00.0001779" startTime="2023-10-04T11:32:16.6078340+00:00" endTime="2023-10-04T11:32:16.6087010+00:00" testType="13cdc9d9-ddb5-4fa4-a97d-d965ccfc6d4b" outcome="Passed" testListId="8c84fa94-04c1-424b-9868-57a2d4851a1d" relativeResultsDirectory="7e2b3f14-5877-4a69-af1d-0c7e3790ae79" />
    <UnitTestResult executionId="37ca72af-0a7c-4d78-9f70-2b5be1224cd7" testId="8b568998-aa4a-e6fc-5842-0df3b2a98adc" testName="ShouldReturnStatusUnknownAndMessagesWhenRequestFailsValidation" computerName="fv-az635-124" duration="00:00:00.0010160" startTime="2023-10-04T11:32:16.5025380+00:00" endTime="2023-10-04T11:32:16.5042600+00:00" testType="13cdc9d9-ddb5-4fa4-a97d-d965ccfc6d4b" outcome="Passed" testListId="8c84fa94-04c1-424b-9868-57a2d4851a1d" relativeResultsDirectory="37ca72af-0a7c-4d78-9f70-2b5be1224cd7" />
    <UnitTestResult executionId="3868a66f-5636-4142-ba1b-4419c81a9301" testId="0f4db286-3c61-ca8c-739c-00f6d7453f01" testName="ShouldReturnStatusUnknownAndAMessageWhenProviderResponseIsNull" computerName="fv-az635-124" duration="00:00:00.0019547" startTime="2023-10-04T11:32:16.4934030+00:00" endTime="2023-10-04T11:32:16.4960620+00:00" testType="13cdc9d9-ddb5-4fa4-a97d-d965ccfc6d4b" outcome="Passed" testListId="8c84fa94-04c1-424b-9868-57a2d4851a1d" relativeResultsDirectory="3868a66f-5636-4142-ba1b-4419c81a9301" />
    <UnitTestResult executionId="540f33c8-feb7-446b-9950-745500f20890" testId="87033f7f-7293-f15d-39f0-c6868773f5ab" testName="ShouldThrowValidationExceptionOnUnrecognisedCountryCode (TES)" computerName="fv-az635-124" duration="00:00:00.0004549" startTime="2023-10-04T11:32:16.6306170+00:00" endTime="2023-10-04T11:32:16.6317710+00:00" testType="13cdc9d9-ddb5-4fa4-a97d-d965ccfc6d4b" outcome="Passed" testListId="8c84fa94-04c1-424b-9868-57a2d4851a1d" relativeResultsDirectory="540f33c8-feb7-446b-9950-745500f20890" />
    <UnitTestResult executionId="6da824c3-1ad7-4923-aea3-806012ee61b7" testId="5a6387cd-11d1-cbda-9a28-b2c04c2fa108" testName="ShouldExtractBrowserInformation" computerName="fv-az635-124" duration="00:00:00.0012802" startTime="2023-10-04T11:32:15.6995800+00:00" endTime="2023-10-04T11:32:15.7015730+00:00" testType="13cdc9d9-ddb5-4fa4-a97d-d965ccfc6d4b" outcome="Passed" testListId="8c84fa94-04c1-424b-9868-57a2d4851a1d" relativeResultsDirectory="6da824c3-1ad7-4923-aea3-806012ee61b7" />
    <UnitTestResult executionId="51efa09d-1d66-46df-a12e-3bfe77c22610" testId="164a2c5b-e354-ac1a-d0ca-0f22934e0f13" testName="SavedCardNoUserDetail" computerName="fv-az635-124" duration="00:00:00.0012669" startTime="2023-10-04T11:32:16.3593600+00:00" endTime="2023-10-04T11:32:16.3619630+00:00" testType="13cdc9d9-ddb5-4fa4-a97d-d965ccfc6d4b" outcome="Passed" testListId="8c84fa94-04c1-424b-9868-57a2d4851a1d" relativeResultsDirectory="51efa09d-1d66-46df-a12e-3bfe77c22610" />
    <UnitTestResult executionId="3dcbf370-32ca-4e9d-9adb-6347ff0b2711" testId="a70a19ba-1b6e-12f7-fa00-2c945790e66d" testName="ShouldReturnStatusUnknownAndAMessageWhenProviderResponseIsNull" computerName="fv-az635-124" duration="00:00:00.0019561" startTime="2023-10-04T11:32:16.5673890+00:00" endTime="2023-10-04T11:32:16.5700450+00:00" testType="13cdc9d9-ddb5-4fa4-a97d-d965ccfc6d4b" outcome="Passed" testListId="8c84fa94-04c1-424b-9868-57a2d4851a1d" relativeResultsDirectory="3dcbf370-32ca-4e9d-9adb-6347ff0b2711" />
    <UnitTestResult executionId="8600498c-e1f2-4379-826f-73588677418a" testId="7edc5100-eca1-470d-d2ed-037ada91af38" testName="ShouldReturnStatusUnknownAndAMessageWhenProviderReturnsErrors" computerName="fv-az635-124" duration="00:00:00.0018083" startTime="2023-10-04T11:32:16.5743860+00:00" endTime="2023-10-04T11:32:16.5769130+00:00" testType="13cdc9d9-ddb5-4fa4-a97d-d965ccfc6d4b" outcome="Passed" testListId="8c84fa94-04c1-424b-9868-57a2d4851a1d" relativeResultsDirectory="8600498c-e1f2-4379-826f-73588677418a" />
    <UnitTestResult executionId="c8c636c5-8d1a-40d1-9b20-65d968042613" testId="7f021ba4-ce47-c759-0e9a-e85913d720db" testName="ShouldReturnCorrectTransactionStatus (BLOCKED,CompleteFailed,Optimis.SmartPayBureau.Client.error[])" computerName="fv-az635-124" duration="00:00:00.0000078" startTime="2023-10-04T11:32:16.6593360+00:00" endTime="2023-10-04T11:32:16.6600670+00:00" testType="13cdc9d9-ddb5-4fa4-a97d-d965ccfc6d4b" outcome="Passed" testListId="8c84fa94-04c1-424b-9868-57a2d4851a1d" relativeResultsDirectory="c8c636c5-8d1a-40d1-9b20-65d968042613" />
    <UnitTestResult executionId="868217d3-4a8f-4036-9886-314c10b3f4b9" testId="bd0f3e87-2d49-7223-2c00-e0924f9c83f5" testName="SubsequentRecurringCardNoUserDetail" computerName="fv-az635-124" duration="00:00:00.0006997" startTime="2023-10-04T11:32:16.3624740+00:00" endTime="2023-10-04T11:32:16.4115700+00:00" testType="13cdc9d9-ddb5-4fa4-a97d-d965ccfc6d4b" outcome="Passed" testListId="8c84fa94-04c1-424b-9868-57a2d4851a1d" relativeResultsDirectory="868217d3-4a8f-4036-9886-314c10b3f4b9" />
    <UnitTestResult executionId="ab1fd446-307d-427f-bf62-3fb17af2e668" testId="ab28ccf6-333d-b4aa-d447-f56c9db347dc" testName="ShouldReturnCorrectTransactionStatus (PAYMENT_CHOICE,AwaitingUserInput,Optimis.SmartPayBureau.Client.error[])" computerName="fv-az635-124" duration="00:00:00.0000078" startTime="2023-10-04T11:32:16.6511240+00:00" endTime="2023-10-04T11:32:16.6518640+00:00" testType="13cdc9d9-ddb5-4fa4-a97d-d965ccfc6d4b" outcome="Passed" testListId="8c84fa94-04c1-424b-9868-57a2d4851a1d" relativeResultsDirectory="ab1fd446-307d-427f-bf62-3fb17af2e668" />
    <UnitTestResult executionId="8e1fbc57-3b45-4892-8814-85592be5beef" testId="16b3b326-cc84-6c59-cca4-fcf99dce36ba" testName="ShouldReturnStatusUnknownAndMessagesWhenRequestFailsValidation" computerName="fv-az635-124" duration="00:00:00.0009829" startTime="2023-10-04T11:32:16.5610260+00:00" endTime="2023-10-04T11:32:16.5627010+00:00" testType="13cdc9d9-ddb5-4fa4-a97d-d965ccfc6d4b" outcome="Passed" testListId="8c84fa94-04c1-424b-9868-57a2d4851a1d" relativeResultsDirectory="8e1fbc57-3b45-4892-8814-85592be5beef" />
    <UnitTestResult executionId="c2ac505a-6f7f-4c81-8032-91aec3b514cb" testId="bbe06873-5587-57a7-4c05-c20596f08802" testName="ShouldExtractResponderInformation" computerName="fv-az635-124" duration="00:00:00.0004439" startTime="2023-10-04T11:32:15.7048650+00:00" endTime="2023-10-04T11:32:15.7059990+00:00" testType="13cdc9d9-ddb5-4fa4-a97d-d965ccfc6d4b" outcome="Passed" testListId="8c84fa94-04c1-424b-9868-57a2d4851a1d" relativeResultsDirectory="c2ac505a-6f7f-4c81-8032-91aec3b514cb" />
    <UnitTestResult executionId="95e71713-e38f-40df-ba34-96added76236" testId="b346dfbf-3c2d-699a-985c-d7f8bf492fb1" testName="ShouldReturnStatusUnknownAndAMessageWhenProviderResponseIsNull" computerName="fv-az635-124" duration="00:00:00.0017561" startTime="2023-10-04T11:32:16.2780370+00:00" endTime="2023-10-04T11:32:16.2804880+00:00" testType="13cdc9d9-ddb5-4fa4-a97d-d965ccfc6d4b" outcome="Passed" testListId="8c84fa94-04c1-424b-9868-57a2d4851a1d" relativeResultsDirectory="95e71713-e38f-40df-ba34-96added76236" />
    <UnitTestResult executionId="88e6f8f1-e451-41ed-a37b-1d2e661d0be0" testId="aa47d6b1-108d-99f5-94b2-59cb8f57d7a1" testName="ShouldReturnCorrectTransactionStatus (PENDING,AwaitingUserInput,Optimis.SmartPayBureau.Client.error[])" computerName="fv-az635-124" duration="00:00:00.0000082" startTime="2023-10-04T11:32:16.6486790+00:00" endTime="2023-10-04T11:32:16.6494660+00:00" testType="13cdc9d9-ddb5-4fa4-a97d-d965ccfc6d4b" outcome="Passed" testListId="8c84fa94-04c1-424b-9868-57a2d4851a1d" relativeResultsDirectory="88e6f8f1-e451-41ed-a37b-1d2e661d0be0" />
    <UnitTestResult executionId="eb8e2541-a008-46b4-876d-78fd8597af5b" testId="22d45d7c-261c-a3ed-c9ba-05d4b8217242" testName="ShouldThrowArgumentNullWhenRequestIsNull" computerName="fv-az635-124" duration="00:00:00.0009378" startTime="2023-10-04T11:32:16.4413530+00:00" endTime="2023-10-04T11:32:16.4429980+00:00" testType="13cdc9d9-ddb5-4fa4-a97d-d965ccfc6d4b" outcome="Passed" testListId="8c84fa94-04c1-424b-9868-57a2d4851a1d" relativeResultsDirectory="eb8e2541-a008-46b4-876d-78fd8597af5b" />
    <UnitTestResult executionId="8e909b7b-ebe2-419e-8981-1825fae111ee" testId="fdfb1a8a-03c0-c004-80b1-15cb51a9925a" testName="ShouldReturnStatusUnknownAndMessagesWhenRequestFailsValidation" computerName="fv-az635-124" duration="00:00:00.0020966" startTime="2023-10-04T11:32:16.2705450+00:00" endTime="2023-10-04T11:32:16.2733610+00:00" testType="13cdc9d9-ddb5-4fa4-a97d-d965ccfc6d4b" outcome="Passed" testListId="8c84fa94-04c1-424b-9868-57a2d4851a1d" relativeResultsDirectory="8e909b7b-ebe2-419e-8981-1825fae111ee" />
    <UnitTestResult executionId="9e8ecb32-025e-4b29-822d-c6a5ed242ba1" testId="fa963db9-1434-5174-259d-d7d67be44055" testName="ShouldThrowOperationCanceledIfCancellationRequested" computerName="fv-az635-124" duration="00:00:00.0010496" startTime="2023-10-04T11:32:16.2758590+00:00" endTime="2023-10-04T11:32:16.2776040+00:00" testType="13cdc9d9-ddb5-4fa4-a97d-d965ccfc6d4b" outcome="Passed" testListId="8c84fa94-04c1-424b-9868-57a2d4851a1d" relativeResultsDirectory="9e8ecb32-025e-4b29-822d-c6a5ed242ba1" />
    <UnitTestResult executionId="c31e09a0-293e-41fd-be2b-59b41c3601c1" testId="eff09d83-bd92-0411-f0da-02775c83cec1" testName="Unknown" computerName="fv-az635-124" duration="00:00:00.0000088" startTime="2023-10-04T11:32:15.6011630+00:00" endTime="2023-10-04T11:32:15.6019000+00:00" testType="13cdc9d9-ddb5-4fa4-a97d-d965ccfc6d4b" outcome="Passed" testListId="8c84fa94-04c1-424b-9868-57a2d4851a1d" relativeResultsDirectory="c31e09a0-293e-41fd-be2b-59b41c3601c1" />
    <UnitTestResult executionId="9a7b6314-0e42-416b-a3ca-729e255f13ac" testId="d1961d8c-ff91-ed5b-2daa-ea7911098b62" testName="NULL url" computerName="fv-az635-124" duration="00:00:00.0009474" startTime="2023-10-04T11:32:16.5993010+00:00" endTime="2023-10-04T11:32:16.6009600+00:00" testType="13cdc9d9-ddb5-4fa4-a97d-d965ccfc6d4b" outcome="Passed" testListId="8c84fa94-04c1-424b-9868-57a2d4851a1d" relativeResultsDirectory="9a7b6314-0e42-416b-a3ca-729e255f13ac" />
    <UnitTestResult executionId="f47f8d93-20aa-4757-9444-3f4ceaa2d05a" testId="9801fb59-c57e-5801-2fe7-0d635dc7d934" testName="ShouldReturnCorrectTransactionStatus (FAIL,CompleteFailed,Optimis.SmartPayBureau.Client.error[])" computerName="fv-az635-124" duration="00:00:00.0000078" startTime="2023-10-04T11:32:16.6706770+00:00" endTime="2023-10-04T11:32:16.6714020+00:00" testType="13cdc9d9-ddb5-4fa4-a97d-d965ccfc6d4b" outcome="Passed" testListId="8c84fa94-04c1-424b-9868-57a2d4851a1d" relativeResultsDirectory="f47f8d93-20aa-4757-9444-3f4ceaa2d05a" />
    <UnitTestResult executionId="402552e4-eb47-493b-98ed-9b45cac3063e" testId="5aa5ea04-6bfa-51ef-b206-a607967dfccc" testName="ShouldThrowOptimisExceptionWhenProfileIsNotFound" computerName="fv-az635-124" duration="00:00:00.0013101" startTime="2023-10-04T11:32:16.5883230+00:00" endTime="2023-10-04T11:32:16.5903530+00:00" testType="13cdc9d9-ddb5-4fa4-a97d-d965ccfc6d4b" outcome="Passed" testListId="8c84fa94-04c1-424b-9868-57a2d4851a1d" relativeResultsDirectory="402552e4-eb47-493b-98ed-9b45cac3063e" />
    <UnitTestResult executionId="beee2da0-455f-4685-b658-c6b267f3fdbb" testId="b6339c5b-f34b-700b-6f92-633c9a7b2875" testName="ShouldExtractBankInformation" computerName="fv-az635-124" duration="00:00:00.0002747" startTime="2023-10-04T11:32:15.7034890+00:00" endTime="2023-10-04T11:32:15.7044310+00:00" testType="13cdc9d9-ddb5-4fa4-a97d-d965ccfc6d4b" outcome="Passed" testListId="8c84fa94-04c1-424b-9868-57a2d4851a1d" relativeResultsDirectory="beee2da0-455f-4685-b658-c6b267f3fdbb" />
    <UnitTestResult executionId="294b405e-a86f-4e5f-9378-7ffaf4467a95" testId="8a19cc13-e9ae-fab0-9fcf-bab61bab3f54" testName="ShouldThrowOperationCanceledIfCancellationRequested" computerName="fv-az635-124" duration="00:00:00.0057159" startTime="2023-10-04T11:32:16.4434400+00:00" endTime="2023-10-04T11:32:16.4498590+00:00" testType="13cdc9d9-ddb5-4fa4-a97d-d965ccfc6d4b" outcome="Passed" testListId="8c84fa94-04c1-424b-9868-57a2d4851a1d" relativeResultsDirectory="294b405e-a86f-4e5f-9378-7ffaf4467a95" />
    <UnitTestResult executionId="6032ba1f-29c5-4944-a232-3ab185cd37d5" testId="9310dba4-9950-11c6-2796-11498a681546" testName="ShouldExtractErrorMessages" computerName="fv-az635-124" duration="00:00:00.0004184" startTime="2023-10-04T11:32:15.7019850+00:00" endTime="2023-10-04T11:32:15.7030770+00:00" testType="13cdc9d9-ddb5-4fa4-a97d-d965ccfc6d4b" outcome="Passed" testListId="8c84fa94-04c1-424b-9868-57a2d4851a1d" relativeResultsDirectory="6032ba1f-29c5-4944-a232-3ab185cd37d5" />
    <UnitTestResult executionId="7b8b15e7-ec6e-478f-9e69-f8b4e07bf9a5" testId="a9197f0a-8ee9-e62b-2829-2109af07411e" testName="ShouldReturnStatusUnknownAndAMessageWhenProviderResponseIsNull" computerName="fv-az635-124" duration="00:00:00.0019897" startTime="2023-10-04T11:32:16.4247170+00:00" endTime="2023-10-04T11:32:16.4274370+00:00" testType="13cdc9d9-ddb5-4fa4-a97d-d965ccfc6d4b" outcome="Passed" testListId="8c84fa94-04c1-424b-9868-57a2d4851a1d" relativeResultsDirectory="7b8b15e7-ec6e-478f-9e69-f8b4e07bf9a5" />
    <UnitTestResult executionId="56d4bb3c-a198-401e-a3cd-da6dcfa7eeec" testId="4a841170-9862-d267-b0df-c437e1f8c222" testName="ShouldSetTheTrxRefWhenLegacyTransactionNumberIsNull" computerName="fv-az635-124" duration="00:00:00.0030281" startTime="2023-10-04T11:32:16.4614810+00:00" endTime="2023-10-04T11:32:16.4652230+00:00" testType="13cdc9d9-ddb5-4fa4-a97d-d965ccfc6d4b" outcome="Passed" testListId="8c84fa94-04c1-424b-9868-57a2d4851a1d" relativeResultsDirectory="56d4bb3c-a198-401e-a3cd-da6dcfa7eeec" />
    <UnitTestResult executionId="9fccad95-cd0b-4a22-b778-0b6fdb81f9fd" testId="1dca3bce-8d12-528a-a6d5-9c43cadba373" testName="ShouldThrowOptimisExceptionWhenProfileIsNotFound" computerName="fv-az635-124" duration="00:00:00.0015392" startTime="2023-10-04T11:32:16.2678680+00:00" endTime="2023-10-04T11:32:16.2701140+00:00" testType="13cdc9d9-ddb5-4fa4-a97d-d965ccfc6d4b" outcome="Passed" testListId="8c84fa94-04c1-424b-9868-57a2d4851a1d" relativeResultsDirectory="9fccad95-cd0b-4a22-b778-0b6fdb81f9fd" />
    <UnitTestResult executionId="b175a9b9-ac13-4e54-84bb-c29841e2ac47" testId="e89eaea6-87d7-c54c-6626-d95ac312c7a4" testName="ShouldSetTheTransactionReferenceWhenLegacyTransactionNumberIsNotNull" computerName="fv-az635-124" duration="00:00:00.0029656" startTime="2023-10-04T11:32:16.4656400+00:00" endTime="2023-10-04T11:32:16.4693150+00:00" testType="13cdc9d9-ddb5-4fa4-a97d-d965ccfc6d4b" outcome="Passed" testListId="8c84fa94-04c1-424b-9868-57a2d4851a1d" relativeResultsDirectory="b175a9b9-ac13-4e54-84bb-c29841e2ac47" />
    <UnitTestResult executionId="bacfe150-1c12-4b50-bc08-94e31c7b7eb7" testId="1f85aa92-a7b8-90e3-cd84-675231e8b2ea" testName="ShouldReturnCorrectWindowSize (Medium,WINDOW_SIZE_390_400)" computerName="fv-az635-124" duration="00:00:00.0000081" startTime="2023-10-04T11:32:15.6162390+00:00" endTime="2023-10-04T11:32:15.6169720+00:00" testType="13cdc9d9-ddb5-4fa4-a97d-d965ccfc6d4b" outcome="Passed" testListId="8c84fa94-04c1-424b-9868-57a2d4851a1d" relativeResultsDirectory="bacfe150-1c12-4b50-bc08-94e31c7b7eb7" />
    <UnitTestResult executionId="876ed1f5-b073-457c-a396-de87d3752f88" testId="de6429c0-23aa-7a4c-02b7-3f0d4e9a4b93" testName="ShouldReturnStatusUnknownAndAMessageWhenProviderResponseBodyIsNull" computerName="fv-az635-124" duration="00:00:00.0017687" startTime="2023-10-04T11:32:16.2809430+00:00" endTime="2023-10-04T11:32:16.2834110+00:00" testType="13cdc9d9-ddb5-4fa4-a97d-d965ccfc6d4b" outcome="Passed" testListId="8c84fa94-04c1-424b-9868-57a2d4851a1d" relativeResultsDirectory="876ed1f5-b073-457c-a396-de87d3752f88" />
    <UnitTestResult executionId="110b1ae2-7a77-4d25-9154-f6be6db65e5d" testId="479a1010-f6e9-9671-1803-2b402b0dd79f" testName="WPAY-9 Card Declined" computerName="fv-az635-124" duration="00:00:00.0005568" startTime="2023-10-04T11:32:16.5575240+00:00" endTime="2023-10-04T11:32:16.5588080+00:00" testType="13cdc9d9-ddb5-4fa4-a97d-d965ccfc6d4b" outcome="Passed" testListId="8c84fa94-04c1-424b-9868-57a2d4851a1d" relativeResultsDirectory="110b1ae2-7a77-4d25-9154-f6be6db65e5d" />
    <UnitTestResult executionId="2bcedf69-e255-4c64-89b5-574b00c62f67" testId="b261375e-fd2d-3029-2da5-973d26ab235f" testName="ShouldThrowArgumentNullForOptions" computerName="fv-az635-124" duration="00:00:00.0004121" startTime="2023-10-04T11:32:16.6918730+00:00" endTime="2023-10-04T11:32:16.6929860+00:00" testType="13cdc9d9-ddb5-4fa4-a97d-d965ccfc6d4b" outcome="Passed" testListId="8c84fa94-04c1-424b-9868-57a2d4851a1d" relativeResultsDirectory="2bcedf69-e255-4c64-89b5-574b00c62f67" />
    <UnitTestResult executionId="a554d084-4ab3-4d32-9217-2f1a13781ae8" testId="de85d904-22d1-2d53-5f95-378c27a3eaaf" testName="AUTHENTICATED" computerName="fv-az635-124" duration="00:00:00.0000140" startTime="2023-10-04T11:32:15.5458900+00:00" endTime="2023-10-04T11:32:15.5466650+00:00" testType="13cdc9d9-ddb5-4fa4-a97d-d965ccfc6d4b" outcome="Passed" testListId="8c84fa94-04c1-424b-9868-57a2d4851a1d" relativeResultsDirectory="a554d084-4ab3-4d32-9217-2f1a13781ae8" />
    <UnitTestResult executionId="706da2d4-e082-4be9-beab-8c0cbb195e61" testId="0ed4bcc1-7723-170d-d3e0-27feb4c8b890" testName="Correct Params, Invalid HMAC, with other params" computerName="fv-az635-124" duration="00:00:00.0001808" startTime="2023-10-04T11:32:16.6112600+00:00" endTime="2023-10-04T11:32:16.6121690+00:00" testType="13cdc9d9-ddb5-4fa4-a97d-d965ccfc6d4b" outcome="Passed" testListId="8c84fa94-04c1-424b-9868-57a2d4851a1d" relativeResultsDirectory="706da2d4-e082-4be9-beab-8c0cbb195e61" />
    <UnitTestResult executionId="2fb3f724-b060-4a88-bea9-a6fe1dda88c8" testId="bd0f3e87-2d49-7223-2c00-e0924f9c83f5" testName="SavedCardNoUserDetail" computerName="fv-az635-124" duration="00:00:00.0006715" startTime="2023-10-04T11:32:16.3624740+00:00" endTime="2023-10-04T11:32:16.4115700+00:00" testType="13cdc9d9-ddb5-4fa4-a97d-d965ccfc6d4b" outcome="Passed" testListId="8c84fa94-04c1-424b-9868-57a2d4851a1d" relativeResultsDirectory="2fb3f724-b060-4a88-bea9-a6fe1dda88c8" />
    <UnitTestResult executionId="d1cb0871-b712-44e2-9e11-f4361f4629de" testId="d0f1b942-6143-e709-c747-a266749b886a" testName="ShouldReturnMessagesWhenObjectIsAWebPaymentResponse" computerName="fv-az635-124" duration="00:00:00.0004798" startTime="2023-10-04T11:32:15.8722730+00:00" endTime="2023-10-04T11:32:15.8736730+00:00" testType="13cdc9d9-ddb5-4fa4-a97d-d965ccfc6d4b" outcome="Passed" testListId="8c84fa94-04c1-424b-9868-57a2d4851a1d" relativeResultsDirectory="d1cb0871-b712-44e2-9e11-f4361f4629de" />
    <UnitTestResult executionId="448dcdb4-d013-42fe-903d-50b802d615b0" testId="1470dc2f-2837-0db2-86ba-cbf170e3a57a" testName="ShouldForgetCard" computerName="fv-az635-124" duration="00:00:00.0030854" startTime="2023-10-04T11:32:16.4337760+00:00" endTime="2023-10-04T11:32:16.4377670+00:00" testType="13cdc9d9-ddb5-4fa4-a97d-d965ccfc6d4b" outcome="Passed" testListId="8c84fa94-04c1-424b-9868-57a2d4851a1d" relativeResultsDirectory="448dcdb4-d013-42fe-903d-50b802d615b0" />
    <UnitTestResult executionId="5972479d-435c-4164-a173-f45a5e5ecad3" testId="931ab4b7-aef9-163c-fe9c-df9d028946fc" testName="NO AUTH" computerName="fv-az635-124" duration="00:00:00.0000122" startTime="2023-10-04T11:32:15.5553570+00:00" endTime="2023-10-04T11:32:15.5561190+00:00" testType="13cdc9d9-ddb5-4fa4-a97d-d965ccfc6d4b" outcome="Passed" testListId="8c84fa94-04c1-424b-9868-57a2d4851a1d" relativeResultsDirectory="5972479d-435c-4164-a173-f45a5e5ecad3" />
    <UnitTestResult executionId="2d79f1b8-40ea-45d1-b13e-f5829536d5c0" testId="2d43241f-ee2e-eaea-1ee2-6b26ad25791c" testName="ShouldReturnCorrectWindowSize (FullScreen,FULL_SCREEN)" computerName="fv-az635-124" duration="00:00:00.0010217" startTime="2023-10-04T11:32:15.6105100+00:00" endTime="2023-10-04T11:32:15.6124280+00:00" testType="13cdc9d9-ddb5-4fa4-a97d-d965ccfc6d4b" outcome="Passed" testListId="8c84fa94-04c1-424b-9868-57a2d4851a1d" relativeResultsDirectory="2d79f1b8-40ea-45d1-b13e-f5829536d5c0" />
    <UnitTestResult executionId="a2be9d22-0f16-41ed-bc50-5877d35aff44" testId="f87a3c24-9fac-e0ac-0fbf-ceacf1607988" testName="ShouldReturnCorrectPeriod (P1W,WEEKLY)" computerName="fv-az635-124" duration="00:00:00.0000074" startTime="2023-10-04T11:32:16.6377300+00:00" endTime="2023-10-04T11:32:16.6441170+00:00" testType="13cdc9d9-ddb5-4fa4-a97d-d965ccfc6d4b" outcome="Passed" testListId="8c84fa94-04c1-424b-9868-57a2d4851a1d" relativeResultsDirectory="a2be9d22-0f16-41ed-bc50-5877d35aff44" />
    <UnitTestResult executionId="875d83bf-9fa3-48b9-b58b-8c393517b270" testId="03b63410-9ef7-d8b9-b08c-0822217ba785" testName="AUTHENTICATION_UNAVAILABLE" computerName="fv-az635-124" duration="00:00:00.0000148" startTime="2023-10-04T11:32:15.5483160+00:00" endTime="2023-10-04T11:32:15.5490850+00:00" testType="13cdc9d9-ddb5-4fa4-a97d-d965ccfc6d4b" outcome="Passed" testListId="8c84fa94-04c1-424b-9868-57a2d4851a1d" relativeResultsDirectory="875d83bf-9fa3-48b9-b58b-8c393517b270" />
    <UnitTestResult executionId="88e30c02-9b2a-4c38-91fe-520b8233b0f2" testId="0f81a69c-6032-e972-62aa-6312066c0bef" testName="ShouldThrowArgumentNullWhenRequestIsNull" computerName="fv-az635-124" duration="00:00:00.0009431" startTime="2023-10-04T11:32:16.4891090+00:00" endTime="2023-10-04T11:32:16.4907650+00:00" testType="13cdc9d9-ddb5-4fa4-a97d-d965ccfc6d4b" outcome="Passed" testListId="8c84fa94-04c1-424b-9868-57a2d4851a1d" relativeResultsDirectory="88e30c02-9b2a-4c38-91fe-520b8233b0f2" />
    <UnitTestResult executionId="f9904bff-6278-4da4-8a38-040ba08aabd8" testId="657d1624-3e31-b7a4-86e1-b2905ca4dd45" testName="WPAY-8 Card Info" computerName="fv-az635-124" duration="00:00:00.0022976" startTime="2023-10-04T11:32:16.5538570+00:00" endTime="2023-10-04T11:32:16.5570420+00:00" testType="13cdc9d9-ddb5-4fa4-a97d-d965ccfc6d4b" outcome="Passed" testListId="8c84fa94-04c1-424b-9868-57a2d4851a1d" relativeResultsDirectory="f9904bff-6278-4da4-8a38-040ba08aabd8" />
    <UnitTestResult executionId="c371cd51-91d9-4f4f-93dd-7e60a7790b5d" testId="600245f2-231c-e3ab-6306-8014302485f9" testName="CardNoUserDetail" computerName="fv-az635-124" duration="00:00:00.0210170" startTime="2023-10-04T11:32:16.2877770+00:00" endTime="2023-10-04T11:32:16.3587620+00:00" testType="13cdc9d9-ddb5-4fa4-a97d-d965ccfc6d4b" outcome="Passed" testListId="8c84fa94-04c1-424b-9868-57a2d4851a1d" relativeResultsDirectory="c371cd51-91d9-4f4f-93dd-7e60a7790b5d" />
    <UnitTestResult executionId="180b25ff-c4a2-4fb5-a61a-093512344025" testId="a8019242-1b8b-4dac-6b31-8bb78ccf691d" testName="Card" computerName="fv-az635-124" duration="00:00:00.0010659" startTime="2023-10-04T11:32:15.6070560+00:00" endTime="2023-10-04T11:32:15.6088750+00:00" testType="13cdc9d9-ddb5-4fa4-a97d-d965ccfc6d4b" outcome="Passed" testListId="8c84fa94-04c1-424b-9868-57a2d4851a1d" relativeResultsDirectory="180b25ff-c4a2-4fb5-a61a-093512344025" />
    <UnitTestResult executionId="b5ed6718-5886-440f-b600-69f872b1405f" testId="edaca9e8-b563-259f-cf5b-d16e71917a5d" testName="NOT_ENROLLED_V1_V2" computerName="fv-az635-124" duration="00:00:00.0000150" startTime="2023-10-04T11:32:15.5541360+00:00" endTime="2023-10-04T11:32:15.5548930+00:00" testType="13cdc9d9-ddb5-4fa4-a97d-d965ccfc6d4b" outcome="Passed" testListId="8c84fa94-04c1-424b-9868-57a2d4851a1d" relativeResultsDirectory="b5ed6718-5886-440f-b600-69f872b1405f" />
    <UnitTestResult executionId="00d61cea-98b8-45b9-b542-9e080183a145" testId="ef50a747-b633-a32d-55bb-d79f6dcd20b2" testName="ShouldReturnCorrectTransactionStatus (CARD_DETAILS,AwaitingUserInput,Optimis.SmartPayBureau.Client.error[])" computerName="fv-az635-124" duration="00:00:00.0002035" startTime="2023-10-04T11:32:16.6456420+00:00" endTime="2023-10-04T11:32:16.6482150+00:00" testType="13cdc9d9-ddb5-4fa4-a97d-d965ccfc6d4b" outcome="Passed" testListId="8c84fa94-04c1-424b-9868-57a2d4851a1d" relativeResultsDirectory="00d61cea-98b8-45b9-b542-9e080183a145" />
    <UnitTestResult executionId="e0b8cae1-1fe7-437c-bf2a-37575315fbf4" testId="b1c40a64-cd26-77a6-5dd1-489c9e9f7ce6" testName="ShouldThrowArgumentNullOnNullOptionsInTheConstructor" computerName="fv-az635-124" duration="00:00:00.0006417" startTime="2023-10-04T11:32:15.8239890+00:00" endTime="2023-10-04T11:32:15.8253720+00:00" testType="13cdc9d9-ddb5-4fa4-a97d-d965ccfc6d4b" outcome="Passed" testListId="8c84fa94-04c1-424b-9868-57a2d4851a1d" relativeResultsDirectory="e0b8cae1-1fe7-437c-bf2a-37575315fbf4" />
    <UnitTestResult executionId="08c20459-4a1e-474d-83b0-f9b7a559324c" testId="324d4a31-7176-fbdd-5c3c-c7acd24cb06e" testName="ShouldReturnTheCorrectCountryDiallingCode (ITA,39)" computerName="fv-az635-124" duration="00:00:00.0000116" startTime="2023-10-04T11:32:15.6235500+00:00" endTime="2023-10-04T11:32:15.6242430+00:00" testType="13cdc9d9-ddb5-4fa4-a97d-d965ccfc6d4b" outcome="Passed" testListId="8c84fa94-04c1-424b-9868-57a2d4851a1d" relativeResultsDirectory="08c20459-4a1e-474d-83b0-f9b7a559324c" />
    <UnitTestResult executionId="99dd39af-7e45-407a-a954-7b735893ffe6" testId="2e75e45b-c9e1-d9d9-bfac-4d9ece6335ac" testName="ShouldReturnStatusUnknownAndAMessageWhenProviderReturnsErrors" computerName="fv-az635-124" duration="00:00:00.0015265" startTime="2023-10-04T11:32:16.5304250+00:00" endTime="2023-10-04T11:32:16.5326540+00:00" testType="13cdc9d9-ddb5-4fa4-a97d-d965ccfc6d4b" outcome="Passed" testListId="8c84fa94-04c1-424b-9868-57a2d4851a1d" relativeResultsDirectory="99dd39af-7e45-407a-a954-7b735893ffe6" />
    <UnitTestResult executionId="5b0d9128-e6a9-4c2c-a395-4d3f08d46774" testId="3f0bd07c-b704-15ac-93f5-529d50da5776" testName="ShouldReturnTheCorrectCountryDiallingCode (DNK,45)" computerName="fv-az635-124" duration="00:00:00.0000083" startTime="2023-10-04T11:32:15.6224040+00:00" endTime="2023-10-04T11:32:15.6230980+00:00" testType="13cdc9d9-ddb5-4fa4-a97d-d965ccfc6d4b" outcome="Passed" testListId="8c84fa94-04c1-424b-9868-57a2d4851a1d" relativeResultsDirectory="5b0d9128-e6a9-4c2c-a395-4d3f08d46774" />
    <UnitTestResult executionId="82a84046-7d01-4f6c-a158-9de0a152b557" testId="0fa6c5b5-a4ce-3874-d54f-69f4538d4db7" testName="ShouldReturnHostMessageWhenSet" computerName="fv-az635-124" duration="00:00:00.0001835" startTime="2023-10-04T11:32:16.6775060+00:00" endTime="2023-10-04T11:32:16.6783560+00:00" testType="13cdc9d9-ddb5-4fa4-a97d-d965ccfc6d4b" outcome="Passed" testListId="8c84fa94-04c1-424b-9868-57a2d4851a1d" relativeResultsDirectory="82a84046-7d01-4f6c-a158-9de0a152b557" />
    <UnitTestResult executionId="7861cb92-9c02-4eb5-b1d2-4b6d6dacf5a0" testId="2ab0e3ad-daef-2497-fc12-efdc78e834e5" testName="ShouldThrowArgumentNullWhenRequestIsNull" computerName="fv-az635-124" duration="00:00:00.0009703" startTime="2023-10-04T11:32:16.4203570+00:00" endTime="2023-10-04T11:32:16.4220740+00:00" testType="13cdc9d9-ddb5-4fa4-a97d-d965ccfc6d4b" outcome="Passed" testListId="8c84fa94-04c1-424b-9868-57a2d4851a1d" relativeResultsDirectory="7861cb92-9c02-4eb5-b1d2-4b6d6dacf5a0" />
    <UnitTestResult executionId="700e4b12-c8cf-4d5c-ae33-24451b3d1a84" testId="6db3b1a0-33c1-c016-b8c1-400fd1fcab46" testName="ShouldThrowArgumentNullWhenRequestIsNull" computerName="fv-az635-124" duration="00:00:00.0015144" startTime="2023-10-04T11:32:16.2230520+00:00" endTime="2023-10-04T11:32:16.2252850+00:00" testType="13cdc9d9-ddb5-4fa4-a97d-d965ccfc6d4b" outcome="Passed" testListId="8c84fa94-04c1-424b-9868-57a2d4851a1d" relativeResultsDirectory="700e4b12-c8cf-4d5c-ae33-24451b3d1a84" />
    <UnitTestResult executionId="29b512eb-6937-4946-b1ff-0b5203d48c2b" testId="949bc5bc-4f53-b56d-1ae0-f975c3cf8cca" testName="ShouldGetValidPaymentTypesAndCardsFromResponse" computerName="fv-az635-124" duration="00:00:00.0166515" startTime="2023-10-04T11:32:15.5712650+00:00" endTime="2023-10-04T11:32:15.5886430+00:00" testType="13cdc9d9-ddb5-4fa4-a97d-d965ccfc6d4b" outcome="Passed" testListId="8c84fa94-04c1-424b-9868-57a2d4851a1d" relativeResultsDirectory="29b512eb-6937-4946-b1ff-0b5203d48c2b" />
    <UnitTestResult executionId="0b1a7e66-6dac-4b42-bf8b-359cc7a04e06" testId="0d5f3881-9f74-5ba6-55cd-49929b97968a" testName="ShouldReturnStatusUnknownAndAMessageWhenProviderResponseIsNull" computerName="fv-az635-124" duration="00:00:00.0017357" startTime="2023-10-04T11:32:16.6167180+00:00" endTime="2023-10-04T11:32:16.6191690+00:00" testType="13cdc9d9-ddb5-4fa4-a97d-d965ccfc6d4b" outcome="Passed" testListId="8c84fa94-04c1-424b-9868-57a2d4851a1d" relativeResultsDirectory="0b1a7e66-6dac-4b42-bf8b-359cc7a04e06" />
    <UnitTestResult executionId="cc0c1e3f-9903-4b04-adb0-1538e33c0e83" testId="d815865c-a498-fd09-554d-da0b1e6d10aa" testName="Card" computerName="fv-az635-124" duration="00:00:00.0010788" startTime="2023-10-04T11:32:15.6023590+00:00" endTime="2023-10-04T11:32:15.6043800+00:00" testType="13cdc9d9-ddb5-4fa4-a97d-d965ccfc6d4b" outcome="Passed" testListId="8c84fa94-04c1-424b-9868-57a2d4851a1d" relativeResultsDirectory="cc0c1e3f-9903-4b04-adb0-1538e33c0e83" />
    <UnitTestResult executionId="5a0ecfe9-5940-4fec-9492-88a3b88d3b7a" testId="ee202971-b172-ce95-4153-81705c9863f0" testName="ShouldProcessRegisterCardRequest" computerName="fv-az635-124" duration="00:00:00.0072775" startTime="2023-10-04T11:32:16.5046910+00:00" endTime="2023-10-04T11:32:16.5129880+00:00" testType="13cdc9d9-ddb5-4fa4-a97d-d965ccfc6d4b" outcome="Passed" testListId="8c84fa94-04c1-424b-9868-57a2d4851a1d" relativeResultsDirectory="5a0ecfe9-5940-4fec-9492-88a3b88d3b7a" />
    <UnitTestResult executionId="2e54da98-998e-4b09-8cd2-515c53d9c531" testId="35a25e45-fb54-d63b-8e58-995c1cbea674" testName="ShouldExtractAllMessagesFromResponse" computerName="fv-az635-124" duration="00:00:00.0138081" startTime="2023-10-04T11:32:15.6691790+00:00" endTime="2023-10-04T11:32:15.6836970+00:00" testType="13cdc9d9-ddb5-4fa4-a97d-d965ccfc6d4b" outcome="Passed" testListId="8c84fa94-04c1-424b-9868-57a2d4851a1d" relativeResultsDirectory="2e54da98-998e-4b09-8cd2-515c53d9c531" />
    <UnitTestResult executionId="4bc02387-c0d1-4bc5-b433-e734a048f725" testId="6418872a-cf52-2479-ca3f-3648cfcf0064" testName="ShouldLeaveOnlyNumbers (_+123^&amp;%$,123)" computerName="fv-az635-124" duration="00:00:00.0081909" startTime="2023-10-04T11:32:15.6287780+00:00" endTime="2023-10-04T11:32:15.6376960+00:00" testType="13cdc9d9-ddb5-4fa4-a97d-d965ccfc6d4b" outcome="Passed" testListId="8c84fa94-04c1-424b-9868-57a2d4851a1d" relativeResultsDirectory="4bc02387-c0d1-4bc5-b433-e734a048f725" />
    <UnitTestResult executionId="3db85d13-c4f1-471e-8ac7-4760d82887c5" testId="6030da1d-97fa-21a4-17e6-8b4edb67b33f" testName="ShouldReturnCorrectTransactionStatus (ALIPAY,AwaitingUserInput,Optimis.SmartPayBureau.Client.error[])" computerName="fv-az635-124" duration="00:00:00.0000078" startTime="2023-10-04T11:32:16.6535410+00:00" endTime="2023-10-04T11:32:16.6542760+00:00" testType="13cdc9d9-ddb5-4fa4-a97d-d965ccfc6d4b" outcome="Passed" testListId="8c84fa94-04c1-424b-9868-57a2d4851a1d" relativeResultsDirectory="3db85d13-c4f1-471e-8ac7-4760d82887c5" />
    <UnitTestResult executionId="307a1b28-d84b-463d-a15f-bb59542fb67f" testId="12124c31-87cb-74bb-6037-c6d2ed5968da" testName="ShouldReturnCorrectTransactionStatus (DECLINED,CompleteFailed,Optimis.SmartPayBureau.Client.error[])" computerName="fv-az635-124" duration="00:00:00.0000079" startTime="2023-10-04T11:32:16.6581490+00:00" endTime="2023-10-04T11:32:16.6588850+00:00" testType="13cdc9d9-ddb5-4fa4-a97d-d965ccfc6d4b" outcome="Passed" testListId="8c84fa94-04c1-424b-9868-57a2d4851a1d" relativeResultsDirectory="307a1b28-d84b-463d-a15f-bb59542fb67f" />
    <UnitTestResult executionId="e2f3645c-bf90-41b7-b70f-33ffc91b0523" testId="14a75706-78d9-5245-a1e5-40328647eb94" testName="ShouldThrowArgumentNullForServiceContract" computerName="fv-az635-124" duration="00:00:00.0003094" startTime="2023-10-04T11:32:16.6838740+00:00" endTime="2023-10-04T11:32:16.6850970+00:00" testType="13cdc9d9-ddb5-4fa4-a97d-d965ccfc6d4b" outcome="Passed" testListId="8c84fa94-04c1-424b-9868-57a2d4851a1d" relativeResultsDirectory="e2f3645c-bf90-41b7-b70f-33ffc91b0523" />
    <UnitTestResult executionId="d63bcbba-edef-4169-b2b4-45c47d006dc1" testId="6d36bd06-1bc1-c4be-650e-6ce901194bac" testName="ShouldReturnTheCorrectCountryCodeFromaString (AFG,)" computerName="fv-az635-124" duration="00:00:00.0010497" startTime="2023-10-04T11:32:16.6322200+00:00" endTime="2023-10-04T11:32:16.6346720+00:00" testType="13cdc9d9-ddb5-4fa4-a97d-d965ccfc6d4b" outcome="Passed" testListId="8c84fa94-04c1-424b-9868-57a2d4851a1d" relativeResultsDirectory="d63bcbba-edef-4169-b2b4-45c47d006dc1" />
    <UnitTestResult executionId="8bd3608f-48df-4336-968c-8f14cd8dcc0d" testId="953b7d46-eba8-e2d3-d9a6-d1f91d76e0c7" testName="ShouldSetTheTrxRefWhenLegacyTransactionNumberIsNull" computerName="fv-az635-124" duration="00:00:00.0208619" startTime="2023-10-04T11:32:16.1819960+00:00" endTime="2023-10-04T11:32:16.2037410+00:00" testType="13cdc9d9-ddb5-4fa4-a97d-d965ccfc6d4b" outcome="Passed" testListId="8c84fa94-04c1-424b-9868-57a2d4851a1d" relativeResultsDirectory="8bd3608f-48df-4336-968c-8f14cd8dcc0d" />
    <UnitTestResult executionId="3fede2b8-065e-492e-8890-6a6eb35c6316" testId="d5216fe9-fa5a-5d23-fdd7-178e43d8e62c" testName="ShouldLeaveOnlyNumbers (,)" computerName="fv-az635-124" duration="00:00:00.0000080" startTime="2023-10-04T11:32:15.6404540+00:00" endTime="2023-10-04T11:32:15.6411600+00:00" testType="13cdc9d9-ddb5-4fa4-a97d-d965ccfc6d4b" outcome="Passed" testListId="8c84fa94-04c1-424b-9868-57a2d4851a1d" relativeResultsDirectory="3fede2b8-065e-492e-8890-6a6eb35c6316" />
    <UnitTestResult executionId="51f2c4b5-2387-4e91-9dc7-aeaca2f7732f" testId="f380e459-0611-dbc0-e0a0-1ca3194b0111" testName="WPAY-9 Card Declined" computerName="fv-az635-124" duration="00:00:00.0005147" startTime="2023-10-04T11:32:16.5943230+00:00" endTime="2023-10-04T11:32:16.5955610+00:00" testType="13cdc9d9-ddb5-4fa4-a97d-d965ccfc6d4b" outcome="Passed" testListId="8c84fa94-04c1-424b-9868-57a2d4851a1d" relativeResultsDirectory="51f2c4b5-2387-4e91-9dc7-aeaca2f7732f" />
    <UnitTestResult executionId="f2d295e1-9e43-48a2-8c51-c9d24f722123" testId="bd0f3e87-2d49-7223-2c00-e0924f9c83f5" testName="CardWithAllUserDetail" computerName="fv-az635-124" duration="00:00:00.0154803" startTime="2023-10-04T11:32:16.3624740+00:00" endTime="2023-10-04T11:32:16.4115700+00:00" testType="13cdc9d9-ddb5-4fa4-a97d-d965ccfc6d4b" outcome="Passed" testListId="8c84fa94-04c1-424b-9868-57a2d4851a1d" relativeResultsDirectory="f2d295e1-9e43-48a2-8c51-c9d24f722123" />
    <UnitTestResult executionId="ec6b6eb2-1319-4298-9231-55ffb28359b6" testId="625d5b04-49eb-ab5c-bbe2-7c38b408ef98" testName="Whitespace" computerName="fv-az635-124" duration="00:00:00.0003478" startTime="2023-10-04T11:32:15.8223150+00:00" endTime="2023-10-04T11:32:15.8235060+00:00" testType="13cdc9d9-ddb5-4fa4-a97d-d965ccfc6d4b" outcome="Passed" testListId="8c84fa94-04c1-424b-9868-57a2d4851a1d" relativeResultsDirectory="ec6b6eb2-1319-4298-9231-55ffb28359b6" />
    <UnitTestResult executionId="c3e7ff36-dfd5-4fb3-bee1-cd6615bae6ba" testId="1a638f80-7f95-8971-a84c-b161975320ae" testName="ShouldThrowOptimisExceptionWhenProfileIsNotFound" computerName="fv-az635-124" duration="00:00:00.0016388" startTime="2023-10-04T11:32:16.4131590+00:00" endTime="2023-10-04T11:32:16.4155390+00:00" testType="13cdc9d9-ddb5-4fa4-a97d-d965ccfc6d4b" outcome="Passed" testListId="8c84fa94-04c1-424b-9868-57a2d4851a1d" relativeResultsDirectory="c3e7ff36-dfd5-4fb3-bee1-cd6615bae6ba" />
    <UnitTestResult executionId="2e755893-c869-476b-91c2-dfe72335bd3b" testId="0700b622-f13b-5f26-1631-69b16de2d634" testName="ShouldReturnCorrectTransactionStatus (VERIFIED,Unknown,Optimis.SmartPayBureau.Client.error[])" computerName="fv-az635-124" duration="00:00:00.0000088" startTime="2023-10-04T11:32:16.6730650+00:00" endTime="2023-10-04T11:32:16.6745040+00:00" testType="13cdc9d9-ddb5-4fa4-a97d-d965ccfc6d4b" outcome="Passed" testListId="8c84fa94-04c1-424b-9868-57a2d4851a1d" relativeResultsDirectory="2e755893-c869-476b-91c2-dfe72335bd3b" />
    <UnitTestResult executionId="f7a11467-3bd2-4d2a-9d7c-9936736b5bf6" testId="cf6e05f9-3332-a5bb-31bc-614c18c6416d" testName="ShouldThrowOperationCanceledIfCancellationRequested" computerName="fv-az635-124" duration="00:00:00.0029368" startTime="2023-10-04T11:32:16.2257320+00:00" endTime="2023-10-04T11:32:16.2293860+00:00" testType="13cdc9d9-ddb5-4fa4-a97d-d965ccfc6d4b" outcome="Passed" testListId="8c84fa94-04c1-424b-9868-57a2d4851a1d" relativeResultsDirectory="f7a11467-3bd2-4d2a-9d7c-9936736b5bf6" />
    <UnitTestResult executionId="5ed753dd-30c2-49da-9253-cd84f3708f92" testId="56dcae10-cee1-63b2-fc6a-5c29901857df" testName="ShouldReturnStatusUnknownAndAMessageWhenProviderResponseBodyIsNull" computerName="fv-az635-124" duration="00:00:00.0016634" startTime="2023-10-04T11:32:16.6195990+00:00" endTime="2023-10-04T11:32:16.6219560+00:00" testType="13cdc9d9-ddb5-4fa4-a97d-d965ccfc6d4b" outcome="Passed" testListId="8c84fa94-04c1-424b-9868-57a2d4851a1d" relativeResultsDirectory="5ed753dd-30c2-49da-9253-cd84f3708f92" />
    <UnitTestResult executionId="7a6ffd35-8a87-4ca7-b45e-520501600a2c" testId="c4260e34-f7a3-5baa-8da6-3713fd88568d" testName="UserSelect" computerName="fv-az635-124" duration="00:00:00.0000084" startTime="2023-10-04T11:32:15.6058730+00:00" endTime="2023-10-04T11:32:15.6066050+00:00" testType="13cdc9d9-ddb5-4fa4-a97d-d965ccfc6d4b" outcome="Passed" testListId="8c84fa94-04c1-424b-9868-57a2d4851a1d" relativeResultsDirectory="7a6ffd35-8a87-4ca7-b45e-520501600a2c" />
    <UnitTestResult executionId="db7d802c-a0b5-41a9-8dde-901440095394" testId="c315f05c-f93c-cce8-24f4-d7732cc89d41" testName="ShouldReturnStatusUnknownAndMessagesWhenRequestFailsValidation" computerName="fv-az635-124" duration="00:00:00.0009067" startTime="2023-10-04T11:32:16.6126130+00:00" endTime="2023-10-04T11:32:16.6142410+00:00" testType="13cdc9d9-ddb5-4fa4-a97d-d965ccfc6d4b" outcome="Passed" testListId="8c84fa94-04c1-424b-9868-57a2d4851a1d" relativeResultsDirectory="db7d802c-a0b5-41a9-8dde-901440095394" />
    <UnitTestResult executionId="29c2e08c-bb74-42a3-957b-47e929742086" testId="349bb34e-f1aa-9612-d7c2-c1cc0a194215" testName="ShouldSetTheTrxRefWhenLegacyTransactionNumberIsNull" computerName="fv-az635-124" duration="00:00:00.0026758" startTime="2023-10-04T11:32:16.5428580+00:00" endTime="2023-10-04T11:32:16.5462420+00:00" testType="13cdc9d9-ddb5-4fa4-a97d-d965ccfc6d4b" outcome="Passed" testListId="8c84fa94-04c1-424b-9868-57a2d4851a1d" relativeResultsDirectory="29c2e08c-bb74-42a3-957b-47e929742086" />
    <UnitTestResult executionId="6f2685a6-1ac2-41a5-a7aa-918533d36004" testId="650f89a6-f5e2-82dd-506d-a82c06c0fb58" testName="ShouldReturnCorrectWindowSize (LargePortrait,WINDOW_SIZE_500_600)" computerName="fv-az635-124" duration="00:00:00.0000081" startTime="2023-10-04T11:32:15.6174190+00:00" endTime="2023-10-04T11:32:15.6181230+00:00" testType="13cdc9d9-ddb5-4fa4-a97d-d965ccfc6d4b" outcome="Passed" testListId="8c84fa94-04c1-424b-9868-57a2d4851a1d" relativeResultsDirectory="6f2685a6-1ac2-41a5-a7aa-918533d36004" />
    <UnitTestResult executionId="c778d310-b39c-4aca-a13e-bcccae58a516" testId="aadea723-6442-fab8-26c4-5c8c7346b3f7" testName="ShouldThrowOptimisExceptionWhenProfileIsNotFound" computerName="fv-az635-124" duration="00:00:00.0015796" startTime="2023-10-04T11:32:16.5134120+00:00" endTime="2023-10-04T11:32:16.5156850+00:00" testType="13cdc9d9-ddb5-4fa4-a97d-d965ccfc6d4b" outcome="Passed" testListId="8c84fa94-04c1-424b-9868-57a2d4851a1d" relativeResultsDirectory="c778d310-b39c-4aca-a13e-bcccae58a516" />
    <UnitTestResult executionId="5c3e579b-5d51-4dd8-8bdc-0bb9c694aaae" testId="69be6d02-c0c4-bd3b-3757-35526cf9a713" testName="ShouldReturnStatusUnknownAndAMessageWhenProviderReturnsErrors" computerName="fv-az635-124" duration="00:00:00.0017681" startTime="2023-10-04T11:32:16.2847970+00:00" endTime="2023-10-04T11:32:16.2872720+00:00" testType="13cdc9d9-ddb5-4fa4-a97d-d965ccfc6d4b" outcome="Passed" testListId="8c84fa94-04c1-424b-9868-57a2d4851a1d" relativeResultsDirectory="5c3e579b-5d51-4dd8-8bdc-0bb9c694aaae" />
    <UnitTestResult executionId="31fdff1a-61ac-4c67-9db9-f13340bb382d" testId="b8a6aff8-1ae1-e5bf-6532-0065b2f37c95" testName="Incorrect params" computerName="fv-az635-124" duration="00:00:00.0001781" startTime="2023-10-04T11:32:16.6027780+00:00" endTime="2023-10-04T11:32:16.6036530+00:00" testType="13cdc9d9-ddb5-4fa4-a97d-d965ccfc6d4b" outcome="Passed" testListId="8c84fa94-04c1-424b-9868-57a2d4851a1d" relativeResultsDirectory="31fdff1a-61ac-4c67-9db9-f13340bb382d" />
    <UnitTestResult executionId="34c3d019-6b90-42d4-b954-3985e2a303ad" testId="8a74e8d9-27ac-89a5-b9f9-f1982d2a50ed" testName="ShouldExtractCaptureMessages" computerName="fv-az635-124" duration="00:00:00.0012105" startTime="2023-10-04T11:32:15.6920700+00:00" endTime="2023-10-04T11:32:15.6939620+00:00" testType="13cdc9d9-ddb5-4fa4-a97d-d965ccfc6d4b" outcome="Passed" testListId="8c84fa94-04c1-424b-9868-57a2d4851a1d" relativeResultsDirectory="34c3d019-6b90-42d4-b954-3985e2a303ad" />
    <UnitTestResult executionId="8e659497-97e7-445f-80ed-31a98ff86fd6" testId="f87a3c24-9fac-e0ac-0fbf-ceacf1607988" testName="ShouldReturnCorrectPeriod (P1D,OTHER)" computerName="fv-az635-124" duration="00:00:00.0000047" startTime="2023-10-04T11:32:16.6377300+00:00" endTime="2023-10-04T11:32:16.6441170+00:00" testType="13cdc9d9-ddb5-4fa4-a97d-d965ccfc6d4b" outcome="Passed" testListId="8c84fa94-04c1-424b-9868-57a2d4851a1d" relativeResultsDirectory="8e659497-97e7-445f-80ed-31a98ff86fd6" />
    <UnitTestResult executionId="4dc048c4-b0e3-498b-b3b3-a980b3a0dc5d" testId="03ceebc4-cb62-e21a-f6c4-7dfec1f2acbd" testName="ShouldVerifyCallback" computerName="fv-az635-124" duration="00:00:00.0086478" startTime="2023-10-04T11:32:16.5783000+00:00" endTime="2023-10-04T11:32:16.5879160+00:00" testType="13cdc9d9-ddb5-4fa4-a97d-d965ccfc6d4b" outcome="Passed" testListId="8c84fa94-04c1-424b-9868-57a2d4851a1d" relativeResultsDirectory="4dc048c4-b0e3-498b-b3b3-a980b3a0dc5d" />
    <UnitTestResult executionId="f59d2f82-d23f-49af-b2fa-290bfbf1f399" testId="878e5a41-635c-e2d9-b932-afc9b2fdfeee" testName="ShouldFallbackToISOMessageWhenHostMessageNotSetButCodeIs" computerName="fv-az635-124" duration="00:00:00.0017301" startTime="2023-10-04T11:32:16.6787610+00:00" endTime="2023-10-04T11:32:16.6811760+00:00" testType="13cdc9d9-ddb5-4fa4-a97d-d965ccfc6d4b" outcome="Passed" testListId="8c84fa94-04c1-424b-9868-57a2d4851a1d" relativeResultsDirectory="f59d2f82-d23f-49af-b2fa-290bfbf1f399" />
    <UnitTestResult executionId="7bcada5b-e505-4093-81ee-f52d75efeeb9" testId="ff7bc51f-96f8-8b43-a95f-5510620589ca" testName="ShouldReturnCorrectTransactionStatus (CAPTURED,CompleteCaptured,Optimis.SmartPayBureau.Client.error[])" computerName="fv-az635-124" duration="00:00:00.0000077" startTime="2023-10-04T11:32:16.6605190+00:00" endTime="2023-10-04T11:32:16.6612790+00:00" testType="13cdc9d9-ddb5-4fa4-a97d-d965ccfc6d4b" outcome="Passed" testListId="8c84fa94-04c1-424b-9868-57a2d4851a1d" relativeResultsDirectory="7bcada5b-e505-4093-81ee-f52d75efeeb9" />
    <UnitTestResult executionId="6ed3ddc9-8176-4e71-a2ac-c60d0277c732" testId="32ca7776-2272-3ec7-56fa-26cd76582f66" testName="ShouldThrowOptimisExceptionWhenProfileIsNotFound" computerName="fv-az635-124" duration="00:00:00.0015049" startTime="2023-10-04T11:32:16.5502460+00:00" endTime="2023-10-04T11:32:16.5524440+00:00" testType="13cdc9d9-ddb5-4fa4-a97d-d965ccfc6d4b" outcome="Passed" testListId="8c84fa94-04c1-424b-9868-57a2d4851a1d" relativeResultsDirectory="6ed3ddc9-8176-4e71-a2ac-c60d0277c732" />
    <UnitTestResult executionId="b8c4d4cc-256f-40a7-9c23-57f034791589" testId="d309737f-8bde-90e3-0615-7890eb082811" testName="ShouldSetTheTransactionReferenceWhenLegacyTransactionNumberIsNotNull" computerName="fv-az635-124" duration="00:00:00.0024758" startTime="2023-10-04T11:32:16.5466590+00:00" endTime="2023-10-04T11:32:16.5498350+00:00" testType="13cdc9d9-ddb5-4fa4-a97d-d965ccfc6d4b" outcome="Passed" testListId="8c84fa94-04c1-424b-9868-57a2d4851a1d" relativeResultsDirectory="b8c4d4cc-256f-40a7-9c23-57f034791589" />
    <UnitTestResult executionId="81fb7b1b-931a-4756-ac0b-f9e5b99bc389" testId="10b31d38-d28f-2084-de66-b26a285f9b7d" testName="ShouldThrowArgumentNullWhenRequestIsNull" computerName="fv-az635-124" duration="00:00:00.0009283" startTime="2023-10-04T11:32:16.5631440+00:00" endTime="2023-10-04T11:32:16.5647910+00:00" testType="13cdc9d9-ddb5-4fa4-a97d-d965ccfc6d4b" outcome="Passed" testListId="8c84fa94-04c1-424b-9868-57a2d4851a1d" relativeResultsDirectory="81fb7b1b-931a-4756-ac0b-f9e5b99bc389" />
    <UnitTestResult executionId="b475c85c-5b5c-4668-b197-f6f06228bfde" testId="a01c599e-30b7-1db8-c907-c74105543595" testName="ShouldReturnValidationResultsWhenObjectFromAbstractionInvalid" computerName="fv-az635-124" duration="00:00:00.0271691" startTime="2023-10-04T11:32:15.8258040+00:00" endTime="2023-10-04T11:32:15.8538950+00:00" testType="13cdc9d9-ddb5-4fa4-a97d-d965ccfc6d4b" outcome="Passed" testListId="8c84fa94-04c1-424b-9868-57a2d4851a1d" relativeResultsDirectory="b475c85c-5b5c-4668-b197-f6f06228bfde" />
    <UnitTestResult executionId="29d750f9-da96-4b8d-87ed-0421476714b6" testId="71263871-b345-a36d-9659-f3714dc2b43b" testName="ShouldThrowOptimisExceptionWhenProfileIsNotFound" computerName="fv-az635-124" duration="00:00:00.0015415" startTime="2023-10-04T11:32:16.4697330+00:00" endTime="2023-10-04T11:32:16.4719790+00:00" testType="13cdc9d9-ddb5-4fa4-a97d-d965ccfc6d4b" outcome="Passed" testListId="8c84fa94-04c1-424b-9868-57a2d4851a1d" relativeResultsDirectory="29d750f9-da96-4b8d-87ed-0421476714b6" />
    <UnitTestResult executionId="7a250b3d-9463-4388-9852-9707c6b775d1" testId="473f7879-5b1c-2342-8373-21a426ac7d99" testName="ShouldThrowArgumentNullWhenRequestIsNull" computerName="fv-az635-124" duration="00:00:00.0009270" startTime="2023-10-04T11:32:16.2738000+00:00" endTime="2023-10-04T11:32:16.2754270+00:00" testType="13cdc9d9-ddb5-4fa4-a97d-d965ccfc6d4b" outcome="Passed" testListId="8c84fa94-04c1-424b-9868-57a2d4851a1d" relativeResultsDirectory="7a250b3d-9463-4388-9852-9707c6b775d1" />
    <UnitTestResult executionId="c20f74dd-c08c-4ed9-8aa4-310e4ecd0eb6" testId="0bdcc7fa-3eec-05f9-f64a-861f85e76da2" testName="Correct Params, Invalid HMAC 3" computerName="fv-az635-124" duration="00:00:00.0001889" startTime="2023-10-04T11:32:16.6091910+00:00" endTime="2023-10-04T11:32:16.6107820+00:00" testType="13cdc9d9-ddb5-4fa4-a97d-d965ccfc6d4b" outcome="Passed" testListId="8c84fa94-04c1-424b-9868-57a2d4851a1d" relativeResultsDirectory="c20f74dd-c08c-4ed9-8aa4-310e4ecd0eb6" />
    <UnitTestResult executionId="b55e907b-c742-4672-b71f-dc0633ef6f35" testId="078dc4dd-7db2-83cf-4e86-bc95086343a6" testName="ShouldThrowArgumentNullForClock" computerName="fv-az635-124" duration="00:00:00.0003249" startTime="2023-10-04T11:32:16.6904920+00:00" endTime="2023-10-04T11:32:16.6914720+00:00" testType="13cdc9d9-ddb5-4fa4-a97d-d965ccfc6d4b" outcome="Passed" testListId="8c84fa94-04c1-424b-9868-57a2d4851a1d" relativeResultsDirectory="b55e907b-c742-4672-b71f-dc0633ef6f35" />
    <UnitTestResult executionId="2f24a306-08dc-41ff-9265-fef3371816d4" testId="2d43241f-ee2e-eaea-1ee2-6b26ad25791c" testName="ShouldReturnCorrectWindowSize (FullScreen,FULL_SCREEN)" computerName="fv-az635-124" duration="00:00:00.0000082" startTime="2023-10-04T11:32:15.6129110+00:00" endTime="2023-10-04T11:32:15.6136310+00:00" testType="13cdc9d9-ddb5-4fa4-a97d-d965ccfc6d4b" outcome="Passed" testListId="8c84fa94-04c1-424b-9868-57a2d4851a1d" relativeResultsDirectory="2f24a306-08dc-41ff-9265-fef3371816d4" />
    <UnitTestResult executionId="9d417b4c-067c-4fbb-9022-42e40740a60c" testId="77d88c57-7546-91c6-2ac0-f2e485837b94" testName="ShouldCancelTransaction" computerName="fv-az635-124" duration="00:00:00.3022848" startTime="2023-10-04T11:32:15.8753800+00:00" endTime="2023-10-04T11:32:16.1787390+00:00" testType="13cdc9d9-ddb5-4fa4-a97d-d965ccfc6d4b" outcome="Passed" testListId="8c84fa94-04c1-424b-9868-57a2d4851a1d" relativeResultsDirectory="9d417b4c-067c-4fbb-9022-42e40740a60c" />
    <UnitTestResult executionId="2d4ad08e-da5a-4880-aae8-ac5a1c94356a" testId="f98fa194-4736-27ab-c476-f403b0077a1a" testName="ShouldReturnStatusUnknownAndMessagesWhenRequestFailsValidation" computerName="fv-az635-124" duration="00:00:00.0010447" startTime="2023-10-04T11:32:16.4391480+00:00" endTime="2023-10-04T11:32:16.4409180+00:00" testType="13cdc9d9-ddb5-4fa4-a97d-d965ccfc6d4b" outcome="Passed" testListId="8c84fa94-04c1-424b-9868-57a2d4851a1d" relativeResultsDirectory="2d4ad08e-da5a-4880-aae8-ac5a1c94356a" />
    <UnitTestResult executionId="739ce04b-2e18-4925-89e8-397ee2ab87ae" testId="cee03e62-3045-b87e-b4a2-b5a05580eff1" testName="FirstPaymentOfAnAdhocSeries" computerName="fv-az635-124" duration="00:00:00.0004095" startTime="2023-10-04T11:32:16.7155990+00:00" endTime="2023-10-04T11:32:16.7168790+00:00" testType="13cdc9d9-ddb5-4fa4-a97d-d965ccfc6d4b" outcome="Passed" testListId="8c84fa94-04c1-424b-9868-57a2d4851a1d" relativeResultsDirectory="739ce04b-2e18-4925-89e8-397ee2ab87ae" />
    <UnitTestResult executionId="a5cd8fc0-f5fb-4b10-8133-7e55356b36b0" testId="c9149644-c226-b5d5-1fa6-5bd7744713a6" testName="ShouldThrowOperationCanceledIfCancellationRequested" computerName="fv-az635-124" duration="00:00:00.0010398" startTime="2023-10-04T11:32:16.5652220+00:00" endTime="2023-10-04T11:32:16.5669560+00:00" testType="13cdc9d9-ddb5-4fa4-a97d-d965ccfc6d4b" outcome="Passed" testListId="8c84fa94-04c1-424b-9868-57a2d4851a1d" relativeResultsDirectory="a5cd8fc0-f5fb-4b10-8133-7e55356b36b0" />
    <UnitTestResult executionId="6e5740a4-3e36-47f2-aa03-aad2bdf10d46" testId="d731cb6d-8c14-5265-20f3-68193a8390a2" testName="ShouldReturnCorrectTransactionStatus (PAYPAL,AwaitingUserInput,Optimis.SmartPayBureau.Client.error[])" computerName="fv-az635-124" duration="00:00:00.0000079" startTime="2023-10-04T11:32:16.6557330+00:00" endTime="2023-10-04T11:32:16.6564790+00:00" testType="13cdc9d9-ddb5-4fa4-a97d-d965ccfc6d4b" outcome="Passed" testListId="8c84fa94-04c1-424b-9868-57a2d4851a1d" relativeResultsDirectory="6e5740a4-3e36-47f2-aa03-aad2bdf10d46" />
    <UnitTestResult executionId="894662e5-b288-4b98-8a44-70116b58953b" testId="cf680249-8bea-c168-59ca-49f3b3b4b325" testName="AttributeShouldReturnCorrectStatusForCountryCode (,False)" computerName="fv-az635-124" duration="00:00:00.0000956" startTime="2023-10-04T11:32:16.6293820+00:00" endTime="2023-10-04T11:32:16.6301660+00:00" testType="13cdc9d9-ddb5-4fa4-a97d-d965ccfc6d4b" outcome="Passed" testListId="8c84fa94-04c1-424b-9868-57a2d4851a1d" relativeResultsDirectory="894662e5-b288-4b98-8a44-70116b58953b" />
    <UnitTestResult executionId="42ddce3b-6ed7-4f0c-afd8-4bb911312daf" testId="8ded2231-f6e8-f413-4369-b06100f2e149" testName="ShouldReturnCorrectTransactionStatus (GATHER_BROWSER_INFO,AwaitingUserInput,Optimis.SmartPayBureau.Client.error[])" computerName="fv-az635-124" duration="00:00:00.0000079" startTime="2023-10-04T11:32:16.6499220+00:00" endTime="2023-10-04T11:32:16.6506680+00:00" testType="13cdc9d9-ddb5-4fa4-a97d-d965ccfc6d4b" outcome="Passed" testListId="8c84fa94-04c1-424b-9868-57a2d4851a1d" relativeResultsDirectory="42ddce3b-6ed7-4f0c-afd8-4bb911312daf" />
    <UnitTestResult executionId="e5cae373-86f5-4229-914a-526fb126fa86" testId="e7afd072-de89-718d-e806-5a4abe0ba67d" testName="ShouldReturnStatusUnknownAndAMessageWhenProviderResponseBodyIsNull" computerName="fv-az635-124" duration="00:00:00.0018146" startTime="2023-10-04T11:32:16.4965010+00:00" endTime="2023-10-04T11:32:16.4990380+00:00" testType="13cdc9d9-ddb5-4fa4-a97d-d965ccfc6d4b" outcome="Passed" testListId="8c84fa94-04c1-424b-9868-57a2d4851a1d" relativeResultsDirectory="e5cae373-86f5-4229-914a-526fb126fa86" />
    <UnitTestResult executionId="cefe206d-6608-42e5-86c1-fe40306a0acb" testId="97683721-c474-5b19-e360-916b792579c9" testName="ShouldGetFirstCaptureIdFromResponse" computerName="fv-az635-124" duration="00:00:00.0017614" startTime="2023-10-04T11:32:15.5891000+00:00" endTime="2023-10-04T11:32:15.5915820+00:00" testType="13cdc9d9-ddb5-4fa4-a97d-d965ccfc6d4b" outcome="Passed" testListId="8c84fa94-04c1-424b-9868-57a2d4851a1d" relativeResultsDirectory="cefe206d-6608-42e5-86c1-fe40306a0acb" />
    <UnitTestResult executionId="aa7c6d5d-44a1-4481-b12a-2dd3d626702d" testId="91dd6d48-f4f7-2180-7fe8-fa73445da9e6" testName="ShouldReturnStatusUnknownAndMessagesWhenRequestFailsValidation" computerName="fv-az635-124" duration="00:00:00.0015232" startTime="2023-10-04T11:32:16.4176430+00:00" endTime="2023-10-04T11:32:16.4199150+00:00" testType="13cdc9d9-ddb5-4fa4-a97d-d965ccfc6d4b" outcome="Passed" testListId="8c84fa94-04c1-424b-9868-57a2d4851a1d" relativeResultsDirectory="aa7c6d5d-44a1-4481-b12a-2dd3d626702d" />
    <UnitTestResult executionId="3e3605bf-c377-4d60-9ac4-ee59aac67da7" testId="e9a74811-31d4-9672-9479-8c8858c817d3" testName="UserSelect" computerName="fv-az635-124" duration="00:00:00.0000078" startTime="2023-10-04T11:32:15.6093330+00:00" endTime="2023-10-04T11:32:15.6100550+00:00" testType="13cdc9d9-ddb5-4fa4-a97d-d965ccfc6d4b" outcome="Passed" testListId="8c84fa94-04c1-424b-9868-57a2d4851a1d" relativeResultsDirectory="3e3605bf-c377-4d60-9ac4-ee59aac67da7" />
    <UnitTestResult executionId="0402c463-9b7d-4d67-bc88-525c13e9210d" testId="bd0f3e87-2d49-7223-2c00-e0924f9c83f5" testName="FirstRecurringCardNoUserDetail" computerName="fv-az635-124" duration="00:00:00.0006883" startTime="2023-10-04T11:32:16.3624740+00:00" endTime="2023-10-04T11:32:16.4115700+00:00" testType="13cdc9d9-ddb5-4fa4-a97d-d965ccfc6d4b" outcome="Passed" testListId="8c84fa94-04c1-424b-9868-57a2d4851a1d" relativeResultsDirectory="0402c463-9b7d-4d67-bc88-525c13e9210d" />
    <UnitTestResult executionId="8e3ca42c-b2cd-4c63-b1fd-8a0932ccd8dd" testId="05c642ea-f6ad-dfe9-586e-5db97a6e034c" testName="ShouldThrowArgumentNullForValidator" computerName="fv-az635-124" duration="00:00:00.0003191" startTime="2023-10-04T11:32:16.6876680+00:00" endTime="2023-10-04T11:32:16.6886580+00:00" testType="13cdc9d9-ddb5-4fa4-a97d-d965ccfc6d4b" outcome="Passed" testListId="8c84fa94-04c1-424b-9868-57a2d4851a1d" relativeResultsDirectory="8e3ca42c-b2cd-4c63-b1fd-8a0932ccd8dd" />
    <UnitTestResult executionId="1b81aa04-ccee-4504-afe3-48ba85cafb25" testId="ea8ddf2c-7695-9758-f2f1-63406c0eeacd" testName="Correct Params, Invalid HMAC" computerName="fv-az635-124" duration="00:00:00.0001796" startTime="2023-10-04T11:32:16.6064870+00:00" endTime="2023-10-04T11:32:16.6073650+00:00" testType="13cdc9d9-ddb5-4fa4-a97d-d965ccfc6d4b" outcome="Passed" testListId="8c84fa94-04c1-424b-9868-57a2d4851a1d" relativeResultsDirectory="1b81aa04-ccee-4504-afe3-48ba85cafb25" />
    <UnitTestResult executionId="21cd7a16-f6ee-44b8-88bc-4590d0d8d924" testId="25fa6c41-be47-c14c-41d4-3c03825fd3f4" testName="YYYY-MM format" computerName="fv-az635-124" duration="00:00:00.0005020" startTime="2023-10-04T11:32:15.5966910+00:00" endTime="2023-10-04T11:32:15.5979280+00:00" testType="13cdc9d9-ddb5-4fa4-a97d-d965ccfc6d4b" outcome="Passed" testListId="8c84fa94-04c1-424b-9868-57a2d4851a1d" relativeResultsDirectory="21cd7a16-f6ee-44b8-88bc-4590d0d8d924" />
    <UnitTestResult executionId="6bf7d441-b8b8-4f99-a856-90ff3c5f7dfb" testId="6a76bdfe-8f90-20c9-8669-adb6bea4f12a" testName="ShouldReturnNoValidationResultsWhenObjectFromAbstractionIsValid" computerName="fv-az635-124" duration="00:00:00.0059231" startTime="2023-10-04T11:32:15.8543330+00:00" endTime="2023-10-04T11:32:15.8610000+00:00" testType="13cdc9d9-ddb5-4fa4-a97d-d965ccfc6d4b" outcome="Passed" testListId="8c84fa94-04c1-424b-9868-57a2d4851a1d" relativeResultsDirectory="6bf7d441-b8b8-4f99-a856-90ff3c5f7dfb" />
    <UnitTestResult executionId="898b7660-1c8d-4b9e-b9c9-8b2e4bdea0d1" testId="d2e83fa4-7367-d690-7680-4ac979e36eec" testName="AttributeShouldReturnCorrectStatusForCountryCode (JPN,True)" computerName="fv-az635-124" duration="00:00:00.0000139" startTime="2023-10-04T11:32:16.6281960+00:00" endTime="2023-10-04T11:32:16.6289350+00:00" testType="13cdc9d9-ddb5-4fa4-a97d-d965ccfc6d4b" outcome="Passed" testListId="8c84fa94-04c1-424b-9868-57a2d4851a1d" relativeResultsDirectory="898b7660-1c8d-4b9e-b9c9-8b2e4bdea0d1" />
    <UnitTestResult executionId="62441b83-6737-48ef-840f-92818aeec680" testId="7d0b294a-d739-d1b1-4ed8-632afb6c2797" testName="ShouldStandAloneRefund" computerName="fv-az635-124" duration="00:00:00.0041898" startTime="2023-10-04T11:32:16.4803120+00:00" endTime="2023-10-04T11:32:16.4852600+00:00" testType="13cdc9d9-ddb5-4fa4-a97d-d965ccfc6d4b" outcome="Passed" testListId="8c84fa94-04c1-424b-9868-57a2d4851a1d" relativeResultsDirectory="62441b83-6737-48ef-840f-92818aeec680" />
    <UnitTestResult executionId="823d881b-34de-40f1-a1e6-dd0c379eb5d0" testId="f35d070a-4641-4634-dea9-a41eb0abdeaf" testName="ShouldReturnStatusUnknownAndAMessageWhenProviderResponseBodyIsNull" computerName="fv-az635-124" duration="00:00:00.0018149" startTime="2023-10-04T11:32:16.5714290+00:00" endTime="2023-10-04T11:32:16.5739550+00:00" testType="13cdc9d9-ddb5-4fa4-a97d-d965ccfc6d4b" outcome="Passed" testListId="8c84fa94-04c1-424b-9868-57a2d4851a1d" relativeResultsDirectory="823d881b-34de-40f1-a1e6-dd0c379eb5d0" />
    <UnitTestResult executionId="3b1dc998-ef05-4335-baf3-c1cbcec94ea8" testId="b5e314ea-39c4-91c7-4d8e-cf6e2fc20fc0" testName="ShouldReturnTheCorrectCountryDiallingCode (NON,)" computerName="fv-az635-124" duration="00:00:00.0000085" startTime="2023-10-04T11:32:15.6266380+00:00" endTime="2023-10-04T11:32:15.6273350+00:00" testType="13cdc9d9-ddb5-4fa4-a97d-d965ccfc6d4b" outcome="Passed" testListId="8c84fa94-04c1-424b-9868-57a2d4851a1d" relativeResultsDirectory="3b1dc998-ef05-4335-baf3-c1cbcec94ea8" />
    <UnitTestResult executionId="44b41727-1645-4ff1-a7ce-4e85307ebeb2" testId="a01e612e-fa38-1aa7-dec6-c704fb1ebbec" testName="ShouldReturnCorrectTransactionStatus (COMPLETED,CompleteCaptured,Optimis.SmartPayBureau.Client.error[])" computerName="fv-az635-124" duration="00:00:00.0000078" startTime="2023-10-04T11:32:16.6617320+00:00" endTime="2023-10-04T11:32:16.6624680+00:00" testType="13cdc9d9-ddb5-4fa4-a97d-d965ccfc6d4b" outcome="Passed" testListId="8c84fa94-04c1-424b-9868-57a2d4851a1d" relativeResultsDirectory="44b41727-1645-4ff1-a7ce-4e85307ebeb2" />
    <UnitTestResult executionId="cb9d9e73-7ab3-410c-afac-de5c9f362986" testId="4d1aa020-061c-ac2a-9b59-bb32cb08ad3c" testName="ShouldThrowArgumentNullWhenRequestIsNull" computerName="fv-az635-124" duration="00:00:00.0009359" startTime="2023-10-04T11:32:16.5192510+00:00" endTime="2023-10-04T11:32:16.5209040+00:00" testType="13cdc9d9-ddb5-4fa4-a97d-d965ccfc6d4b" outcome="Passed" testListId="8c84fa94-04c1-424b-9868-57a2d4851a1d" relativeResultsDirectory="cb9d9e73-7ab3-410c-afac-de5c9f362986" />
    <UnitTestResult executionId="048fba24-2f70-4ea6-9a1d-91288de47c14" testId="1c4d3a17-98ad-9f7c-8132-6929c6e96385" testName="MM-YYYY format" computerName="fv-az635-124" duration="00:00:00.0000097" startTime="2023-10-04T11:32:15.5943790+00:00" endTime="2023-10-04T11:32:15.5950860+00:00" testType="13cdc9d9-ddb5-4fa4-a97d-d965ccfc6d4b" outcome="Passed" testListId="8c84fa94-04c1-424b-9868-57a2d4851a1d" relativeResultsDirectory="048fba24-2f70-4ea6-9a1d-91288de47c14" />
    <UnitTestResult executionId="b12e4ee0-b0e3-4c3b-8fb3-863fdfd0dcda" testId="d87e6aab-b88f-8865-9562-b6a2d3f29df4" testName="YYYY-MM format" computerName="fv-az635-124" duration="00:00:00.0011410" startTime="2023-10-04T11:32:15.5920310+00:00" endTime="2023-10-04T11:32:15.5939120+00:00" testType="13cdc9d9-ddb5-4fa4-a97d-d965ccfc6d4b" outcome="Passed" testListId="8c84fa94-04c1-424b-9868-57a2d4851a1d" relativeResultsDirectory="b12e4ee0-b0e3-4c3b-8fb3-863fdfd0dcda" />
    <UnitTestResult executionId="6afac90a-796e-402b-91f3-9470911300d0" testId="71b74b19-0efa-ddcd-605c-640d7b3f3c81" testName="ShouldReturnValidResponseWithTransactionDetailWhenUriIsValidated" computerName="fv-az635-124" duration="00:00:00.0021310" startTime="2023-10-04T11:32:16.5960200+00:00" endTime="2023-10-04T11:32:16.5988500+00:00" testType="13cdc9d9-ddb5-4fa4-a97d-d965ccfc6d4b" outcome="Passed" testListId="8c84fa94-04c1-424b-9868-57a2d4851a1d" relativeResultsDirectory="6afac90a-796e-402b-91f3-9470911300d0" />
    <UnitTestResult executionId="70ae573b-55e1-4653-8b4a-5f3a73d2c26d" testId="651dbae8-5cff-f20f-4e15-8a99e48babbc" testName="Null string" computerName="fv-az635-124" duration="00:00:00.1134385" startTime="2023-10-04T11:32:15.7073090+00:00" endTime="2023-10-04T11:32:15.8217480+00:00" testType="13cdc9d9-ddb5-4fa4-a97d-d965ccfc6d4b" outcome="Passed" testListId="8c84fa94-04c1-424b-9868-57a2d4851a1d" relativeResultsDirectory="70ae573b-55e1-4653-8b4a-5f3a73d2c26d" />
    <UnitTestResult executionId="e0b7d5c8-d553-4017-a744-eec0cfeebb25" testId="db9f74da-eb80-30c8-5f4a-0f9a9f953797" testName="ShouldReturnStatusUnknownAndAMessageWhenProviderResponseBodyIsNull" computerName="fv-az635-124" duration="00:00:00.0018675" startTime="2023-10-04T11:32:16.5234840+00:00" endTime="2023-10-04T11:32:16.5269830+00:00" testType="13cdc9d9-ddb5-4fa4-a97d-d965ccfc6d4b" outcome="Passed" testListId="8c84fa94-04c1-424b-9868-57a2d4851a1d" relativeResultsDirectory="e0b7d5c8-d553-4017-a744-eec0cfeebb25" />
    <UnitTestResult executionId="45bb93d2-f704-4fb7-9115-37b4e814a9c8" testId="4c4b0dbe-e052-0fd0-22a8-64e04b690360" testName="ShouldCaptureTransaction" computerName="fv-az635-124" duration="00:00:00.0176276" startTime="2023-10-04T11:32:16.2405970+00:00" endTime="2023-10-04T11:32:16.2592440+00:00" testType="13cdc9d9-ddb5-4fa4-a97d-d965ccfc6d4b" outcome="Passed" testListId="8c84fa94-04c1-424b-9868-57a2d4851a1d" relativeResultsDirectory="45bb93d2-f704-4fb7-9115-37b4e814a9c8" />
    <UnitTestResult executionId="049c9db0-ca91-46b2-ae42-46ab2965d88f" testId="bd0f3e87-2d49-7223-2c00-e0924f9c83f5" testName="FirstUnscheduledCardNoUserDetail" computerName="fv-az635-124" duration="00:00:00.0007218" startTime="2023-10-04T11:32:16.3624740+00:00" endTime="2023-10-04T11:32:16.4115700+00:00" testType="13cdc9d9-ddb5-4fa4-a97d-d965ccfc6d4b" outcome="Passed" testListId="8c84fa94-04c1-424b-9868-57a2d4851a1d" relativeResultsDirectory="049c9db0-ca91-46b2-ae42-46ab2965d88f" />
    <UnitTestResult executionId="2d7a18fc-ec73-4c40-adc8-b253dca2c936" testId="00d0f0ea-2908-f516-3769-9ac87996e87a" testName="ShouldReturnCorrectTransactionStatus (AUTHORISED,AwaitingCompletion,Optimis.SmartPayBureau.Client.error[])" computerName="fv-az635-124" duration="00:00:00.0000080" startTime="2023-10-04T11:32:16.6648810+00:00" endTime="2023-10-04T11:32:16.6656170+00:00" testType="13cdc9d9-ddb5-4fa4-a97d-d965ccfc6d4b" outcome="Passed" testListId="8c84fa94-04c1-424b-9868-57a2d4851a1d" relativeResultsDirectory="2d7a18fc-ec73-4c40-adc8-b253dca2c936" />
    <UnitTestResult executionId="13f55af7-4bc5-47c0-b9cb-35ca79e7ba7b" testId="f4ccdd98-06c3-7563-20a4-b2602c08b6d6" testName="ShouldReturnCorrectTransactionStatus (AUTHENTICATE,AwaitingUserInput,Optimis.SmartPayBureau.Client.error[])" computerName="fv-az635-124" duration="00:00:00.0000079" startTime="2023-10-04T11:32:16.6569510+00:00" endTime="2023-10-04T11:32:16.6576930+00:00" testType="13cdc9d9-ddb5-4fa4-a97d-d965ccfc6d4b" outcome="Passed" testListId="8c84fa94-04c1-424b-9868-57a2d4851a1d" relativeResultsDirectory="13f55af7-4bc5-47c0-b9cb-35ca79e7ba7b" />
    <UnitTestResult executionId="6f752d98-1a5f-4a2c-9bf4-1321ae1c35a4" testId="df03ff3a-952d-b1df-79d2-b9f5051fb6a4" testName="ShouldReturnCorrectTransactionStatus (BEFORE_AUTHORISATION,AwaitingCompletion,Optimis.SmartPayBureau.Client.error[])" computerName="fv-az635-124" duration="00:00:00.0000077" startTime="2023-10-04T11:32:16.6660630+00:00" endTime="2023-10-04T11:32:16.6667910+00:00" testType="13cdc9d9-ddb5-4fa4-a97d-d965ccfc6d4b" outcome="Passed" testListId="8c84fa94-04c1-424b-9868-57a2d4851a1d" relativeResultsDirectory="6f752d98-1a5f-4a2c-9bf4-1321ae1c35a4" />
    <UnitTestResult executionId="09b31f0b-699b-4a66-a592-cc5a627c0f15" testId="aaff236b-5026-37b0-14bd-8bc68da1568f" testName="ShouldReturnStatusUnknownAndAMessageWhenProviderReturnsErrors" computerName="fv-az635-124" duration="00:00:00.0019345" startTime="2023-10-04T11:32:16.4306890+00:00" endTime="2023-10-04T11:32:16.4333320+00:00" testType="13cdc9d9-ddb5-4fa4-a97d-d965ccfc6d4b" outcome="Passed" testListId="8c84fa94-04c1-424b-9868-57a2d4851a1d" relativeResultsDirectory="09b31f0b-699b-4a66-a592-cc5a627c0f15" />
    <UnitTestResult executionId="712ba902-ad18-43b0-83ab-6baec008fe8d" testId="b4390802-5010-9e58-1c40-c2dc3db43712" testName="ShouldRefundTransaction" computerName="fv-az635-124" duration="00:00:00.0097490" startTime="2023-10-04T11:32:16.4502980+00:00" endTime="2023-10-04T11:32:16.4610510+00:00" testType="13cdc9d9-ddb5-4fa4-a97d-d965ccfc6d4b" outcome="Passed" testListId="8c84fa94-04c1-424b-9868-57a2d4851a1d" relativeResultsDirectory="712ba902-ad18-43b0-83ab-6baec008fe8d" />
    <UnitTestResult executionId="18a014a5-bed8-4fa9-8522-eee34a3a967f" testId="0ac78b68-dffb-02b2-4fc2-b7bf7c5b4d4f" testName="SubsequentPaymentsOfARecurringSeries" computerName="fv-az635-124" duration="00:00:00.0004285" startTime="2023-10-04T11:32:16.7099970+00:00" endTime="2023-10-04T11:32:16.7111140+00:00" testType="13cdc9d9-ddb5-4fa4-a97d-d965ccfc6d4b" outcome="Passed" testListId="8c84fa94-04c1-424b-9868-57a2d4851a1d" relativeResultsDirectory="18a014a5-bed8-4fa9-8522-eee34a3a967f" />
    <UnitTestResult executionId="fc172b7b-1179-483f-801a-bcb5955fce95" testId="34ed5930-0905-87f5-13b8-aaedfba6b483" testName="ShouldExtractCancelMessages" computerName="fv-az635-124" duration="00:00:00.0010068" startTime="2023-10-04T11:32:15.6943760+00:00" endTime="2023-10-04T11:32:15.6960650+00:00" testType="13cdc9d9-ddb5-4fa4-a97d-d965ccfc6d4b" outcome="Passed" testListId="8c84fa94-04c1-424b-9868-57a2d4851a1d" relativeResultsDirectory="fc172b7b-1179-483f-801a-bcb5955fce95" />
    <UnitTestResult executionId="f01d2300-5a50-4bbf-81f9-4b635814f5b4" testId="8497b7c2-a24e-6ddf-4b8f-a8f3875f4280" testName="FirstPaymentOfARecurringSeries" computerName="fv-az635-124" duration="00:00:00.0153331" startTime="2023-10-04T11:32:16.6933950+00:00" endTime="2023-10-04T11:32:16.7095910+00:00" testType="13cdc9d9-ddb5-4fa4-a97d-d965ccfc6d4b" outcome="Passed" testListId="8c84fa94-04c1-424b-9868-57a2d4851a1d" relativeResultsDirectory="f01d2300-5a50-4bbf-81f9-4b635814f5b4" />
    <UnitTestResult executionId="215b742d-a8ad-4311-8a7b-3d9ec3fcee8f" testId="bd0f3e87-2d49-7223-2c00-e0924f9c83f5" testName="CardNoUserDetail" computerName="fv-az635-124" duration="00:00:00.0007956" startTime="2023-10-04T11:32:16.3624740+00:00" endTime="2023-10-04T11:32:16.4115700+00:00" testType="13cdc9d9-ddb5-4fa4-a97d-d965ccfc6d4b" outcome="Passed" testListId="8c84fa94-04c1-424b-9868-57a2d4851a1d" relativeResultsDirectory="215b742d-a8ad-4311-8a7b-3d9ec3fcee8f" />
    <UnitTestResult executionId="4adaf306-3a4c-4b4a-b889-39faeac0bb97" testId="18b0a952-bcb3-797c-de4e-5b58e79b559e" testName="WPAY-20 Browser Details" computerName="fv-az635-124" duration="00:00:00.0005374" startTime="2023-10-04T11:32:16.5592830+00:00" endTime="2023-10-04T11:32:16.5605440+00:00" testType="13cdc9d9-ddb5-4fa4-a97d-d965ccfc6d4b" outcome="Passed" testListId="8c84fa94-04c1-424b-9868-57a2d4851a1d" relativeResultsDirectory="4adaf306-3a4c-4b4a-b889-39faeac0bb97" />
    <UnitTestResult executionId="63cc3595-1e0a-4e53-92fc-109af4afdd47" testId="b586de7d-1e4f-5d7d-fede-ffaaade982bb" testName="ShouldReturnTheCorrectCountryDiallingCode (,)" computerName="fv-az635-124" duration="00:00:00.0000083" startTime="2023-10-04T11:32:15.6246880+00:00" endTime="2023-10-04T11:32:15.6253840+00:00" testType="13cdc9d9-ddb5-4fa4-a97d-d965ccfc6d4b" outcome="Passed" testListId="8c84fa94-04c1-424b-9868-57a2d4851a1d" relativeResultsDirectory="63cc3595-1e0a-4e53-92fc-109af4afdd47" />
    <UnitTestResult executionId="ffb591cd-c315-4068-858f-80aa2fcc4c26" testId="f68ddeb3-7789-1eb2-6afe-d1fb5899993a" testName="ShouldReturnStatusUnknownAndAMessageWhenProviderResponseIsNull" computerName="fv-az635-124" duration="00:00:00.0021023" startTime="2023-10-04T11:32:16.2298360+00:00" endTime="2023-10-04T11:32:16.2326570+00:00" testType="13cdc9d9-ddb5-4fa4-a97d-d965ccfc6d4b" outcome="Passed" testListId="8c84fa94-04c1-424b-9868-57a2d4851a1d" relativeResultsDirectory="ffb591cd-c315-4068-858f-80aa2fcc4c26" />
    <UnitTestResult executionId="210efb91-4dac-4696-aa2b-ba76cc10f18f" testId="3548b906-5c85-78c4-ba18-778275e8ba1d" testName="AUTHENTICATION_ATTEMPTED" computerName="fv-az635-124" duration="00:00:00.0000141" startTime="2023-10-04T11:32:15.5471230+00:00" endTime="2023-10-04T11:32:15.5478540+00:00" testType="13cdc9d9-ddb5-4fa4-a97d-d965ccfc6d4b" outcome="Passed" testListId="8c84fa94-04c1-424b-9868-57a2d4851a1d" relativeResultsDirectory="210efb91-4dac-4696-aa2b-ba76cc10f18f" />
    <UnitTestResult executionId="cbcb7150-9154-4cb4-a1a9-b7e540f1e561" testId="82a86977-5dd9-47db-085d-325fef4b70a7" testName="FirstPaymentOfAnInstallmentPlan" computerName="fv-az635-124" duration="00:00:00.0004405" startTime="2023-10-04T11:32:16.7123790+00:00" endTime="2023-10-04T11:32:16.7136980+00:00" testType="13cdc9d9-ddb5-4fa4-a97d-d965ccfc6d4b" outcome="Passed" testListId="8c84fa94-04c1-424b-9868-57a2d4851a1d" relativeResultsDirectory="cbcb7150-9154-4cb4-a1a9-b7e540f1e561" />
    <UnitTestResult executionId="4aa4ae05-2136-43cb-a4f9-d55ac7ce0f9a" testId="f87a3c24-9fac-e0ac-0fbf-ceacf1607988" testName="ShouldReturnCorrectPeriod (P1M,MONTHLY)" computerName="fv-az635-124" duration="00:00:00.0000075" startTime="2023-10-04T11:32:16.6377300+00:00" endTime="2023-10-04T11:32:16.6441170+00:00" testType="13cdc9d9-ddb5-4fa4-a97d-d965ccfc6d4b" outcome="Passed" testListId="8c84fa94-04c1-424b-9868-57a2d4851a1d" relativeResultsDirectory="4aa4ae05-2136-43cb-a4f9-d55ac7ce0f9a" />
    <UnitTestResult executionId="e89fea4e-033b-4870-8348-1cb70bbdde6e" testId="d82b5ce2-5ccf-4bd2-d2ea-5ea4b83e5c13" testName="ShouldFallbackGenericMessageWhenHostMessageNotSetButCodeIsAndISOMessageIsNotFound" computerName="fv-az635-124" duration="00:00:00.0002187" startTime="2023-10-04T11:32:16.6825590+00:00" endTime="2023-10-04T11:32:16.6834700+00:00" testType="13cdc9d9-ddb5-4fa4-a97d-d965ccfc6d4b" outcome="Passed" testListId="8c84fa94-04c1-424b-9868-57a2d4851a1d" relativeResultsDirectory="e89fea4e-033b-4870-8348-1cb70bbdde6e" />
    <UnitTestResult executionId="976c6b10-639a-4e57-a310-19a467fc7f23" testId="73d46ecf-fc51-9de8-b928-5f9775f2f506" testName="ShouldAllowNoProviderReferenceInRefundRequest" computerName="fv-az635-124" duration="00:00:00.0096819" startTime="2023-10-04T11:32:15.8614280+00:00" endTime="2023-10-04T11:32:15.8718350+00:00" testType="13cdc9d9-ddb5-4fa4-a97d-d965ccfc6d4b" outcome="Passed" testListId="8c84fa94-04c1-424b-9868-57a2d4851a1d" relativeResultsDirectory="976c6b10-639a-4e57-a310-19a467fc7f23" />
    <UnitTestResult executionId="974b3c62-23e7-4afa-81bb-b9f912fd2158" testId="118418ac-be74-b344-3e5f-7bd23cdc380e" testName="ShouldReturnCorrectWindowSize (LargeLandscape,WINDOW_SIZE_600_400)" computerName="fv-az635-124" duration="00:00:00.0000078" startTime="2023-10-04T11:32:15.6185690+00:00" endTime="2023-10-04T11:32:15.6192680+00:00" testType="13cdc9d9-ddb5-4fa4-a97d-d965ccfc6d4b" outcome="Passed" testListId="8c84fa94-04c1-424b-9868-57a2d4851a1d" relativeResultsDirectory="974b3c62-23e7-4afa-81bb-b9f912fd2158" />
    <UnitTestResult executionId="aef83155-fc4a-4943-bcf1-3507ba5e15be" testId="7bf42b5d-91a8-dd82-1aab-608cc2cd3d55" testName="ShouldReturnCorrectTransactionStatus (-1,Unknown,Optimis.SmartPayBureau.Client.error[])" computerName="fv-az635-124" duration="00:00:00.0000077" startTime="2023-10-04T11:32:16.6718500+00:00" endTime="2023-10-04T11:32:16.6725740+00:00" testType="13cdc9d9-ddb5-4fa4-a97d-d965ccfc6d4b" outcome="Passed" testListId="8c84fa94-04c1-424b-9868-57a2d4851a1d" relativeResultsDirectory="aef83155-fc4a-4943-bcf1-3507ba5e15be" />
    <UnitTestResult executionId="555c16ee-9498-4432-ae80-06ed2e4edc08" testId="56d17c22-3098-5609-c055-112eccf1af50" testName="ShouldExtractAuthorisationMessages" computerName="fv-az635-124" duration="00:00:00.0009945" startTime="2023-10-04T11:32:15.6899660+00:00" endTime="2023-10-04T11:32:15.6916540+00:00" testType="13cdc9d9-ddb5-4fa4-a97d-d965ccfc6d4b" outcome="Passed" testListId="8c84fa94-04c1-424b-9868-57a2d4851a1d" relativeResultsDirectory="555c16ee-9498-4432-ae80-06ed2e4edc08" />
    <UnitTestResult executionId="4d229210-a147-4dab-bf6d-5aecec25f538" testId="cbf58ec5-b9d6-b6ad-56eb-d316267b70ef" testName="ShouldReturnStatusUnknownAndAMessageWhenProviderReturnsErrors" computerName="fv-az635-124" duration="00:00:00.0019234" startTime="2023-10-04T11:32:16.4994770+00:00" endTime="2023-10-04T11:32:16.5020990+00:00" testType="13cdc9d9-ddb5-4fa4-a97d-d965ccfc6d4b" outcome="Passed" testListId="8c84fa94-04c1-424b-9868-57a2d4851a1d" relativeResultsDirectory="4d229210-a147-4dab-bf6d-5aecec25f538" />
    <UnitTestResult executionId="8a3414f5-021a-4159-bc30-0f3d27d4142a" testId="4123c2f2-e7fa-2a00-d580-32a48077e3f0" testName="ShouldReturnStatusUnknownAndAMessageWhenProviderResponseBodyIsNull" computerName="fv-az635-124" duration="00:00:00.0023805" startTime="2023-10-04T11:32:16.2331370+00:00" endTime="2023-10-04T11:32:16.2362370+00:00" testType="13cdc9d9-ddb5-4fa4-a97d-d965ccfc6d4b" outcome="Passed" testListId="8c84fa94-04c1-424b-9868-57a2d4851a1d" relativeResultsDirectory="8a3414f5-021a-4159-bc30-0f3d27d4142a" />
    <UnitTestResult executionId="784ebe87-2f0c-4b1c-a1ce-7579696d6444" testId="dfe0ae2f-b595-710d-0282-818b37e150a4" testName="ShouldReturnStatusUnknownAndAMessageWhenProviderResponseBodyIsNull" computerName="fv-az635-124" duration="00:00:00.0016621" startTime="2023-10-04T11:32:16.4278780+00:00" endTime="2023-10-04T11:32:16.4302460+00:00" testType="13cdc9d9-ddb5-4fa4-a97d-d965ccfc6d4b" outcome="Passed" testListId="8c84fa94-04c1-424b-9868-57a2d4851a1d" relativeResultsDirectory="784ebe87-2f0c-4b1c-a1ce-7579696d6444" />
    <UnitTestResult executionId="dadb9c26-27be-4074-b448-909a093fee3d" testId="c6399e55-9948-0644-6584-89fe9bda36cf" testName="Missing params" computerName="fv-az635-124" duration="00:00:00.0001793" startTime="2023-10-04T11:32:16.6014310+00:00" endTime="2023-10-04T11:32:16.6023080+00:00" testType="13cdc9d9-ddb5-4fa4-a97d-d965ccfc6d4b" outcome="Passed" testListId="8c84fa94-04c1-424b-9868-57a2d4851a1d" relativeResultsDirectory="dadb9c26-27be-4074-b448-909a093fee3d" />
    <UnitTestResult executionId="9a2ddbe7-2f43-47c0-b7dd-8a0178848aca" testId="8871c6ef-8580-97ae-4c65-ecfb77a74b7b" testName="ShouldSetTheTransactionReferenceWhenLegacyTransactionNumberIsNotNull" computerName="fv-az635-124" duration="00:00:00.0026885" startTime="2023-10-04T11:32:16.2042230+00:00" endTime="2023-10-04T11:32:16.2077540+00:00" testType="13cdc9d9-ddb5-4fa4-a97d-d965ccfc6d4b" outcome="Passed" testListId="8c84fa94-04c1-424b-9868-57a2d4851a1d" relativeResultsDirectory="9a2ddbe7-2f43-47c0-b7dd-8a0178848aca" />
    <UnitTestResult executionId="7d0ade89-00fd-4b82-8ae8-ec07951d680f" testId="5c8d2149-8167-8423-9488-d66fb6f098ae" testName="ShouldReturnNullIfRecurringDetailsIsNull" computerName="fv-az635-124" duration="00:00:00.0001582" startTime="2023-10-04T11:32:16.6362810+00:00" endTime="2023-10-04T11:32:16.6373230+00:00" testType="13cdc9d9-ddb5-4fa4-a97d-d965ccfc6d4b" outcome="Passed" testListId="8c84fa94-04c1-424b-9868-57a2d4851a1d" relativeResultsDirectory="7d0ade89-00fd-4b82-8ae8-ec07951d680f" />
    <UnitTestResult executionId="8ec062e5-a775-4844-9e96-eeebca78fd81" testId="6ead0c04-6414-f232-01d4-bd3b87df66eb" testName="ShouldSetTheTrxRefWhenLegacyTransactionNumberIsNull" computerName="fv-az635-124" duration="00:00:00.0031183" startTime="2023-10-04T11:32:16.2596790+00:00" endTime="2023-10-04T11:32:16.2635140+00:00" testType="13cdc9d9-ddb5-4fa4-a97d-d965ccfc6d4b" outcome="Passed" testListId="8c84fa94-04c1-424b-9868-57a2d4851a1d" relativeResultsDirectory="8ec062e5-a775-4844-9e96-eeebca78fd81" />
    <UnitTestResult executionId="28de48c2-e183-4db1-8745-0a9163d30a33" testId="f9fc4273-0a30-c961-78ae-382dc4054000" testName="ShouldReturnTheCorrectCountryDiallingCode (DEU,49)" computerName="fv-az635-124" duration="00:00:00.0000127" startTime="2023-10-04T11:32:15.6212420+00:00" endTime="2023-10-04T11:32:15.6219520+00:00" testType="13cdc9d9-ddb5-4fa4-a97d-d965ccfc6d4b" outcome="Passed" testListId="8c84fa94-04c1-424b-9868-57a2d4851a1d" relativeResultsDirectory="28de48c2-e183-4db1-8745-0a9163d30a33" />
    <UnitTestResult executionId="3d50cddb-8f61-4712-9d63-f873f907510a" testId="1fb8b099-ef59-6a03-f04e-e897dcfdbe0f" testName="ShouldReturnCorrectTransactionStatus (BEFORE_VERIFICATION,AwaitingCompletion,Optimis.SmartPayBureau.Client.error[])" computerName="fv-az635-124" duration="00:00:00.0000081" startTime="2023-10-04T11:32:16.6682920+00:00" endTime="2023-10-04T11:32:16.6690530+00:00" testType="13cdc9d9-ddb5-4fa4-a97d-d965ccfc6d4b" outcome="Passed" testListId="8c84fa94-04c1-424b-9868-57a2d4851a1d" relativeResultsDirectory="3d50cddb-8f61-4712-9d63-f873f907510a" />
    <UnitTestResult executionId="34e7aa2f-7b5c-489b-ba5f-7f7593b366e4" testId="91a2a5f4-16b1-86b6-5e98-1e343e2a8b12" testName="ShouldReturnStatusUnknownAndMessagesWhenRequestFailsValidation" computerName="fv-az635-124" duration="00:00:00.0016335" startTime="2023-10-04T11:32:16.2202230+00:00" endTime="2023-10-04T11:32:16.2225950+00:00" testType="13cdc9d9-ddb5-4fa4-a97d-d965ccfc6d4b" outcome="Passed" testListId="8c84fa94-04c1-424b-9868-57a2d4851a1d" relativeResultsDirectory="34e7aa2f-7b5c-489b-ba5f-7f7593b366e4" />
    <UnitTestResult executionId="e97fd729-bc85-4658-b07c-b44ae304cc90" testId="f87a3c24-9fac-e0ac-0fbf-ceacf1607988" testName="ShouldReturnCorrectPeriod (P6M,BI_ANNUALLY)" computerName="fv-az635-124" duration="00:00:00.0000137" startTime="2023-10-04T11:32:16.6377300+00:00" endTime="2023-10-04T11:32:16.6441170+00:00" testType="13cdc9d9-ddb5-4fa4-a97d-d965ccfc6d4b" outcome="Passed" testListId="8c84fa94-04c1-424b-9868-57a2d4851a1d" relativeResultsDirectory="e97fd729-bc85-4658-b07c-b44ae304cc90" />
[...]
    <TestEntry testId="d309737f-8bde-90e3-0615-7890eb082811" executionId="b8c4d4cc-256f-40a7-9c23-57f034791589" testListId="8c84fa94-04c1-424b-9868-57a2d4851a1d" />
    <TestEntry testId="10b31d38-d28f-2084-de66-b26a285f9b7d" executionId="81fb7b1b-931a-4756-ac0b-f9e5b99bc389" testListId="8c84fa94-04c1-424b-9868-57a2d4851a1d" />
    <TestEntry testId="a01c599e-30b7-1db8-c907-c74105543595" executionId="b475c85c-5b5c-4668-b197-f6f06228bfde" testListId="8c84fa94-04c1-424b-9868-57a2d4851a1d" />
    <TestEntry testId="71263871-b345-a36d-9659-f3714dc2b43b" executionId="29d750f9-da96-4b8d-87ed-0421476714b6" testListId="8c84fa94-04c1-424b-9868-57a2d4851a1d" />
    <TestEntry testId="473f7879-5b1c-2342-8373-21a426ac7d99" executionId="7a250b3d-9463-4388-9852-9707c6b775d1" testListId="8c84fa94-04c1-424b-9868-57a2d4851a1d" />
    <TestEntry testId="0bdcc7fa-3eec-05f9-f64a-861f85e76da2" executionId="c20f74dd-c08c-4ed9-8aa4-310e4ecd0eb6" testListId="8c84fa94-04c1-424b-9868-57a2d4851a1d" />
    <TestEntry testId="078dc4dd-7db2-83cf-4e86-bc95086343a6" executionId="b55e907b-c742-4672-b71f-dc0633ef6f35" testListId="8c84fa94-04c1-424b-9868-57a2d4851a1d" />
    <TestEntry testId="2d43241f-ee2e-eaea-1ee2-6b26ad25791c" executionId="2f24a306-08dc-41ff-9265-fef3371816d4" testListId="8c84fa94-04c1-424b-9868-57a2d4851a1d" />
    <TestEntry testId="77d88c57-7546-91c6-2ac0-f2e485837b94" executionId="9d417b4c-067c-4fbb-9022-42e40740a60c" testListId="8c84fa94-04c1-424b-9868-57a2d4851a1d" />
    <TestEntry testId="f98fa194-4736-27ab-c476-f403b0077a1a" executionId="2d4ad08e-da5a-4880-aae8-ac5a1c94356a" testListId="8c84fa94-04c1-424b-9868-57a2d4851a1d" />
    <TestEntry testId="cee03e62-3045-b87e-b4a2-b5a05580eff1" executionId="739ce04b-2e18-4925-89e8-397ee2ab87ae" testListId="8c84fa94-04c1-424b-9868-57a2d4851a1d" />
    <TestEntry testId="c9149644-c226-b5d5-1fa6-5bd7744713a6" executionId="a5cd8fc0-f5fb-4b10-8133-7e55356b36b0" testListId="8c84fa94-04c1-424b-9868-57a2d4851a1d" />
    <TestEntry testId="d731cb6d-8c14-5265-20f3-68193a8390a2" executionId="6e5740a4-3e36-47f2-aa03-aad2bdf10d46" testListId="8c84fa94-04c1-424b-9868-57a2d4851a1d" />
    <TestEntry testId="cf680249-8bea-c168-59ca-49f3b3b4b325" executionId="894662e5-b288-4b98-8a44-70116b58953b" testListId="8c84fa94-04c1-424b-9868-57a2d4851a1d" />
    <TestEntry testId="8ded2231-f6e8-f413-4369-b06100f2e149" executionId="42ddce3b-6ed7-4f0c-afd8-4bb911312daf" testListId="8c84fa94-04c1-424b-9868-57a2d4851a1d" />
    <TestEntry testId="e7afd072-de89-718d-e806-5a4abe0ba67d" executionId="e5cae373-86f5-4229-914a-526fb126fa86" testListId="8c84fa94-04c1-424b-9868-57a2d4851a1d" />
    <TestEntry testId="97683721-c474-5b19-e360-916b792579c9" executionId="cefe206d-6608-42e5-86c1-fe40306a0acb" testListId="8c84fa94-04c1-424b-9868-57a2d4851a1d" />
    <TestEntry testId="91dd6d48-f4f7-2180-7fe8-fa73445da9e6" executionId="aa7c6d5d-44a1-4481-b12a-2dd3d626702d" testListId="8c84fa94-04c1-424b-9868-57a2d4851a1d" />
    <TestEntry testId="e9a74811-31d4-9672-9479-8c8858c817d3" executionId="3e3605bf-c377-4d60-9ac4-ee59aac67da7" testListId="8c84fa94-04c1-424b-9868-57a2d4851a1d" />
    <TestEntry testId="bd0f3e87-2d49-7223-2c00-e0924f9c83f5" executionId="0402c463-9b7d-4d67-bc88-525c13e9210d" testListId="8c84fa94-04c1-424b-9868-57a2d4851a1d" />
    <TestEntry testId="05c642ea-f6ad-dfe9-586e-5db97a6e034c" executionId="8e3ca42c-b2cd-4c63-b1fd-8a0932ccd8dd" testListId="8c84fa94-04c1-424b-9868-57a2d4851a1d" />
    <TestEntry testId="ea8ddf2c-7695-9758-f2f1-63406c0eeacd" executionId="1b81aa04-ccee-4504-afe3-48ba85cafb25" testListId="8c84fa94-04c1-424b-9868-57a2d4851a1d" />
    <TestEntry testId="25fa6c41-be47-c14c-41d4-3c03825fd3f4" executionId="21cd7a16-f6ee-44b8-88bc-4590d0d8d924" testListId="8c84fa94-04c1-424b-9868-57a2d4851a1d" />
    <TestEntry testId="6a76bdfe-8f90-20c9-8669-adb6bea4f12a" executionId="6bf7d441-b8b8-4f99-a856-90ff3c5f7dfb" testListId="8c84fa94-04c1-424b-9868-57a2d4851a1d" />
    <TestEntry testId="d2e83fa4-7367-d690-7680-4ac979e36eec" executionId="898b7660-1c8d-4b9e-b9c9-8b2e4bdea0d1" testListId="8c84fa94-04c1-424b-9868-57a2d4851a1d" />
    <TestEntry testId="7d0b294a-d739-d1b1-4ed8-632afb6c2797" executionId="62441b83-6737-48ef-840f-92818aeec680" testListId="8c84fa94-04c1-424b-9868-57a2d4851a1d" />
    <TestEntry testId="f35d070a-4641-4634-dea9-a41eb0abdeaf" executionId="823d881b-34de-40f1-a1e6-dd0c379eb5d0" testListId="8c84fa94-04c1-424b-9868-57a2d4851a1d" />
    <TestEntry testId="b5e314ea-39c4-91c7-4d8e-cf6e2fc20fc0" executionId="3b1dc998-ef05-4335-baf3-c1cbcec94ea8" testListId="8c84fa94-04c1-424b-9868-57a2d4851a1d" />
    <TestEntry testId="a01e612e-fa38-1aa7-dec6-c704fb1ebbec" executionId="44b41727-1645-4ff1-a7ce-4e85307ebeb2" testListId="8c84fa94-04c1-424b-9868-57a2d4851a1d" />
    <TestEntry testId="4d1aa020-061c-ac2a-9b59-bb32cb08ad3c" executionId="cb9d9e73-7ab3-410c-afac-de5c9f362986" testListId="8c84fa94-04c1-424b-9868-57a2d4851a1d" />
    <TestEntry testId="1c4d3a17-98ad-9f7c-8132-6929c6e96385" executionId="048fba24-2f70-4ea6-9a1d-91288de47c14" testListId="8c84fa94-04c1-424b-9868-57a2d4851a1d" />
    <TestEntry testId="d87e6aab-b88f-8865-9562-b6a2d3f29df4" executionId="b12e4ee0-b0e3-4c3b-8fb3-863fdfd0dcda" testListId="8c84fa94-04c1-424b-9868-57a2d4851a1d" />
    <TestEntry testId="71b74b19-0efa-ddcd-605c-640d7b3f3c81" executionId="6afac90a-796e-402b-91f3-9470911300d0" testListId="8c84fa94-04c1-424b-9868-57a2d4851a1d" />
    <TestEntry testId="651dbae8-5cff-f20f-4e15-8a99e48babbc" executionId="70ae573b-55e1-4653-8b4a-5f3a73d2c26d" testListId="8c84fa94-04c1-424b-9868-57a2d4851a1d" />
    <TestEntry testId="db9f74da-eb80-30c8-5f4a-0f9a9f953797" executionId="e0b7d5c8-d553-4017-a744-eec0cfeebb25" testListId="8c84fa94-04c1-424b-9868-57a2d4851a1d" />
    <TestEntry testId="4c4b0dbe-e052-0fd0-22a8-64e04b690360" executionId="45bb93d2-f704-4fb7-9115-37b4e814a9c8" testListId="8c84fa94-04c1-424b-9868-57a2d4851a1d" />
    <TestEntry testId="bd0f3e87-2d49-7223-2c00-e0924f9c83f5" executionId="049c9db0-ca91-46b2-ae42-46ab2965d88f" testListId="8c84fa94-04c1-424b-9868-57a2d4851a1d" />
    <TestEntry testId="00d0f0ea-2908-f516-3769-9ac87996e87a" executionId="2d7a18fc-ec73-4c40-adc8-b253dca2c936" testListId="8c84fa94-04c1-424b-9868-57a2d4851a1d" />
    <TestEntry testId="f4ccdd98-06c3-7563-20a4-b2602c08b6d6" executionId="13f55af7-4bc5-47c0-b9cb-35ca79e7ba7b" testListId="8c84fa94-04c1-424b-9868-57a2d4851a1d" />
    <TestEntry testId="df03ff3a-952d-b1df-79d2-b9f5051fb6a4" executionId="6f752d98-1a5f-4a2c-9bf4-1321ae1c35a4" testListId="8c84fa94-04c1-424b-9868-57a2d4851a1d" />
    <TestEntry testId="aaff236b-5026-37b0-14bd-8bc68da1568f" executionId="09b31f0b-699b-4a66-a592-cc5a627c0f15" testListId="8c84fa94-04c1-424b-9868-57a2d4851a1d" />
    <TestEntry testId="b4390802-5010-9e58-1c40-c2dc3db43712" executionId="712ba902-ad18-43b0-83ab-6baec008fe8d" testListId="8c84fa94-04c1-424b-9868-57a2d4851a1d" />
    <TestEntry testId="0ac78b68-dffb-02b2-4fc2-b7bf7c5b4d4f" executionId="18a014a5-bed8-4fa9-8522-eee34a3a967f" testListId="8c84fa94-04c1-424b-9868-57a2d4851a1d" />
    <TestEntry testId="34ed5930-0905-87f5-13b8-aaedfba6b483" executionId="fc172b7b-1179-483f-801a-bcb5955fce95" testListId="8c84fa94-04c1-424b-9868-57a2d4851a1d" />
    <TestEntry testId="8497b7c2-a24e-6ddf-4b8f-a8f3875f4280" executionId="f01d2300-5a50-4bbf-81f9-4b635814f5b4" testListId="8c84fa94-04c1-424b-9868-57a2d4851a1d" />
    <TestEntry testId="bd0f3e87-2d49-7223-2c00-e0924f9c83f5" executionId="215b742d-a8ad-4311-8a7b-3d9ec3fcee8f" testListId="8c84fa94-04c1-424b-9868-57a2d4851a1d" />
    <TestEntry testId="18b0a952-bcb3-797c-de4e-5b58e79b559e" executionId="4adaf306-3a4c-4b4a-b889-39faeac0bb97" testListId="8c84fa94-04c1-424b-9868-57a2d4851a1d" />
    <TestEntry testId="b586de7d-1e4f-5d7d-fede-ffaaade982bb" executionId="63cc3595-1e0a-4e53-92fc-109af4afdd47" testListId="8c84fa94-04c1-424b-9868-57a2d4851a1d" />
    <TestEntry testId="f68ddeb3-7789-1eb2-6afe-d1fb5899993a" executionId="ffb591cd-c315-4068-858f-80aa2fcc4c26" testListId="8c84fa94-04c1-424b-9868-57a2d4851a1d" />
    <TestEntry testId="3548b906-5c85-78c4-ba18-778275e8ba1d" executionId="210efb91-4dac-4696-aa2b-ba76cc10f18f" testListId="8c84fa94-04c1-424b-9868-57a2d4851a1d" />
    <TestEntry testId="82a86977-5dd9-47db-085d-325fef4b70a7" executionId="cbcb7150-9154-4cb4-a1a9-b7e540f1e561" testListId="8c84fa94-04c1-424b-9868-57a2d4851a1d" />
    <TestEntry testId="f87a3c24-9fac-e0ac-0fbf-ceacf1607988" executionId="4aa4ae05-2136-43cb-a4f9-d55ac7ce0f9a" testListId="8c84fa94-04c1-424b-9868-57a2d4851a1d" />
    <TestEntry testId="d82b5ce2-5ccf-4bd2-d2ea-5ea4b83e5c13" executionId="e89fea4e-033b-4870-8348-1cb70bbdde6e" testListId="8c84fa94-04c1-424b-9868-57a2d4851a1d" />
    <TestEntry testId="73d46ecf-fc51-9de8-b928-5f9775f2f506" executionId="976c6b10-639a-4e57-a310-19a467fc7f23" testListId="8c84fa94-04c1-424b-9868-57a2d4851a1d" />
    <TestEntry testId="118418ac-be74-b344-3e5f-7bd23cdc380e" executionId="974b3c62-23e7-4afa-81bb-b9f912fd2158" testListId="8c84fa94-04c1-424b-9868-57a2d4851a1d" />
    <TestEntry testId="7bf42b5d-91a8-dd82-1aab-608cc2cd3d55" executionId="aef83155-fc4a-4943-bcf1-3507ba5e15be" testListId="8c84fa94-04c1-424b-9868-57a2d4851a1d" />
    <TestEntry testId="56d17c22-3098-5609-c055-112eccf1af50" executionId="555c16ee-9498-4432-ae80-06ed2e4edc08" testListId="8c84fa94-04c1-424b-9868-57a2d4851a1d" />
    <TestEntry testId="cbf58ec5-b9d6-b6ad-56eb-d316267b70ef" executionId="4d229210-a147-4dab-bf6d-5aecec25f538" testListId="8c84fa94-04c1-424b-9868-57a2d4851a1d" />
    <TestEntry testId="4123c2f2-e7fa-2a00-d580-32a48077e3f0" executionId="8a3414f5-021a-4159-bc30-0f3d27d4142a" testListId="8c84fa94-04c1-424b-9868-57a2d4851a1d" />
    <TestEntry testId="dfe0ae2f-b595-710d-0282-818b37e150a4" executionId="784ebe87-2f0c-4b1c-a1ce-7579696d6444" testListId="8c84fa94-04c1-424b-9868-57a2d4851a1d" />
    <TestEntry testId="c6399e55-9948-0644-6584-89fe9bda36cf" executionId="dadb9c26-27be-4074-b448-909a093fee3d" testListId="8c84fa94-04c1-424b-9868-57a2d4851a1d" />
    <TestEntry testId="8871c6ef-8580-97ae-4c65-ecfb77a74b7b" executionId="9a2ddbe7-2f43-47c0-b7dd-8a0178848aca" testListId="8c84fa94-04c1-424b-9868-57a2d4851a1d" />
    <TestEntry testId="5c8d2149-8167-8423-9488-d66fb6f098ae" executionId="7d0ade89-00fd-4b82-8ae8-ec07951d680f" testListId="8c84fa94-04c1-424b-9868-57a2d4851a1d" />
    <TestEntry testId="6ead0c04-6414-f232-01d4-bd3b87df66eb" executionId="8ec062e5-a775-4844-9e96-eeebca78fd81" testListId="8c84fa94-04c1-424b-9868-57a2d4851a1d" />
    <TestEntry testId="f9fc4273-0a30-c961-78ae-382dc4054000" executionId="28de48c2-e183-4db1-8745-0a9163d30a33" testListId="8c84fa94-04c1-424b-9868-57a2d4851a1d" />
    <TestEntry testId="1fb8b099-ef59-6a03-f04e-e897dcfdbe0f" executionId="3d50cddb-8f61-4712-9d63-f873f907510a" testListId="8c84fa94-04c1-424b-9868-57a2d4851a1d" />
    <TestEntry testId="91a2a5f4-16b1-86b6-5e98-1e343e2a8b12" executionId="34e7aa2f-7b5c-489b-ba5f-7f7593b366e4" testListId="8c84fa94-04c1-424b-9868-57a2d4851a1d" />
    <TestEntry testId="f87a3c24-9fac-e0ac-0fbf-ceacf1607988" executionId="e97fd729-bc85-4658-b07c-b44ae304cc90" testListId="8c84fa94-04c1-424b-9868-57a2d4851a1d" />
    <TestEntry testId="b5326c58-8183-3bca-b0b9-e4b2c477934a" executionId="c99b78f9-f903-4bfa-9b90-7ec50f983528" testListId="8c84fa94-04c1-424b-9868-57a2d4851a1d" />
    <TestEntry testId="8add659f-8989-50f0-f434-c1eb8881ce15" executionId="08e8ad65-c03f-4b38-b80e-2943a2c50750" testListId="8c84fa94-04c1-424b-9868-57a2d4851a1d" />
    <TestEntry testId="8d3b298b-66dc-3d75-500a-925aa4ea8ff0" executionId="17ca82a9-97ae-4a3a-8b32-80d8ba149e8e" testListId="8c84fa94-04c1-424b-9868-57a2d4851a1d" />
    <TestEntry testId="2774d99f-029c-beaa-521c-d281f716c662" executionId="d2a2fadd-19cb-42d2-b7b4-2712fc6f0098" testListId="8c84fa94-04c1-424b-9868-57a2d4851a1d" />
    <TestEntry testId="3f8bceb8-f634-7014-46bd-047108d5185f" executionId="287cbb6c-54af-4f76-a908-a6779e66a0ca" testListId="8c84fa94-04c1-424b-9868-57a2d4851a1d" />
    <TestEntry testId="11916ca3-e2a9-dd5f-fecd-17f61b24712d" executionId="123ba7f6-f6d0-40f9-a062-c06107ecc478" testListId="8c84fa94-04c1-424b-9868-57a2d4851a1d" />
    <TestEntry testId="dd64f93f-fc1c-a776-b80e-1fcb8025e091" executionId="9b03fc2e-1b4a-4d74-bff2-1a144ad210bd" testListId="8c84fa94-04c1-424b-9868-57a2d4851a1d" />
    <TestEntry testId="1ccd7017-60fd-89cf-dd0d-9e555ce49f9f" executionId="c0155db7-af6f-449f-a298-9c50fb3e086c" testListId="8c84fa94-04c1-424b-9868-57a2d4851a1d" />
    <TestEntry testId="9cf5f0af-12b3-5f84-e072-2b44ea20d4bf" executionId="a575c9be-1ac2-4c5c-af6c-18c0b44c21a9" testListId="8c84fa94-04c1-424b-9868-57a2d4851a1d" />
    <TestEntry testId="05910a97-fa9a-c3c7-2578-d3b1a3cbc2a0" executionId="de9746f3-4c23-4ff3-9c0e-1bb8ae319840" testListId="8c84fa94-04c1-424b-9868-57a2d4851a1d" />
    <TestEntry testId="1177111d-d5cc-6841-9c56-0380d96e62d9" executionId="7727fe49-981c-494b-ae30-289fbd2f0548" testListId="8c84fa94-04c1-424b-9868-57a2d4851a1d" />
    <TestEntry testId="4602236f-5e84-9cd8-f274-cd453b8666fe" executionId="199882b7-c44c-41d5-8bf1-ca78162c6e9c" testListId="8c84fa94-04c1-424b-9868-57a2d4851a1d" />
    <TestEntry testId="aed45da8-83a2-691b-7538-1429950b27e0" executionId="1a2385b2-ca1f-49bc-912d-f0d111e3d2f0" testListId="8c84fa94-04c1-424b-9868-57a2d4851a1d" />
    <TestEntry testId="f42c7cc5-2a3c-853c-5950-c1a90130d310" executionId="19f28c0b-41d3-45d2-b206-12341931c538" testListId="8c84fa94-04c1-424b-9868-57a2d4851a1d" />
    <TestEntry testId="84d89ea2-8b19-c526-5db5-e0a510c98fdb" executionId="d848a73e-ad57-454a-9d0a-1107426ce52a" testListId="8c84fa94-04c1-424b-9868-57a2d4851a1d" />
    <TestEntry testId="c462a7d9-488b-8a13-9f6c-c52e1d87b658" executionId="b256dae2-a47d-430f-b34c-a2d41a750cd0" testListId="8c84fa94-04c1-424b-9868-57a2d4851a1d" />
    <TestEntry testId="69a7dc3c-c44c-239f-f5c6-71449279587b" executionId="747be4fb-f485-413f-a268-46d8700d64a8" testListId="8c84fa94-04c1-424b-9868-57a2d4851a1d" />
    <TestEntry testId="bd0f3e87-2d49-7223-2c00-e0924f9c83f5" executionId="8fb79b60-bc07-4326-ab88-86321cbbda1d" testListId="8c84fa94-04c1-424b-9868-57a2d4851a1d" />
    <TestEntry testId="92bb55e1-400e-074f-a777-9f930d360b73" executionId="6b66f0c3-e3d0-4fb9-9af5-447b3e5d77a3" testListId="8c84fa94-04c1-424b-9868-57a2d4851a1d" />
    <TestEntry testId="a927a4f6-fdeb-731f-afab-563abd3fb8fc" executionId="801450ed-c670-48e0-886d-61b2e45290a3" testListId="8c84fa94-04c1-424b-9868-57a2d4851a1d" />
    <TestEntry testId="3486a2c4-bd2d-23b4-67a1-87c819ac7834" executionId="e0490149-c08a-4165-afe9-d2016ee83d2a" testListId="8c84fa94-04c1-424b-9868-57a2d4851a1d" />
    <TestEntry testId="b5d9a973-f269-1dde-e3f2-f8fea9f3c505" executionId="81b3868d-9697-4aac-8828-c89da25f7085" testListId="8c84fa94-04c1-424b-9868-57a2d4851a1d" />
    <TestEntry testId="c3de3e0e-d882-22a3-b644-0383a90e3cb7" executionId="9b12ab1f-b285-43e6-923c-ca2ea6a54177" testListId="8c84fa94-04c1-424b-9868-57a2d4851a1d" />
    <TestEntry testId="97263f9c-6ce5-be77-b076-5342290c5469" executionId="399e19c8-ed57-4c30-a8a6-556b03fb84b0" testListId="8c84fa94-04c1-424b-9868-57a2d4851a1d" />
    <TestEntry testId="72696739-a554-3542-506c-2bf484c9604c" executionId="993af70f-17f3-49d8-af6b-5927ce276110" testListId="8c84fa94-04c1-424b-9868-57a2d4851a1d" />
    <TestEntry testId="e273d193-6126-6bc2-d7a3-42b6f222a59b" executionId="cf8cda6a-bddd-487f-bd75-dc9296edcb7d" testListId="8c84fa94-04c1-424b-9868-57a2d4851a1d" />
    <TestEntry testId="897aab27-2851-7abf-2094-16ddb472f792" executionId="21f4569e-6dfe-4396-9b8b-60425575154c" testListId="8c84fa94-04c1-424b-9868-57a2d4851a1d" />
    <TestEntry testId="cbf66374-bebb-b061-6514-5370d9651490" executionId="a71be8ff-f8a4-41cc-9516-033cddfff7f7" testListId="8c84fa94-04c1-424b-9868-57a2d4851a1d" />
    <TestEntry testId="f87a3c24-9fac-e0ac-0fbf-ceacf1607988" executionId="713c6212-539b-47c9-9a5f-f910f520ff3c" testListId="8c84fa94-04c1-424b-9868-57a2d4851a1d" />
    <TestEntry testId="67829d85-3c52-f2ab-a7ce-7bd568a2ba55" executionId="14ef5868-d556-4878-b75c-f93bbd74dc60" testListId="8c84fa94-04c1-424b-9868-57a2d4851a1d" />
    <TestEntry testId="7d720a89-70af-cac9-1f44-7f4f56b7a818" executionId="37cc1ec6-de92-4d5c-877b-01aba6763bb5" testListId="8c84fa94-04c1-424b-9868-57a2d4851a1d" />
    <TestEntry testId="44ed7928-74b7-0b2f-f164-272f13015bab" executionId="5cb43971-2508-402d-bd0b-711bc249bcca" testListId="8c84fa94-04c1-424b-9868-57a2d4851a1d" />
    <TestEntry testId="bd0f3e87-2d49-7223-2c00-e0924f9c83f5" executionId="2dba4e1d-829a-419c-9912-5f55561279cf" testListId="8c84fa94-04c1-424b-9868-57a2d4851a1d" />
    <TestEntry testId="ac593171-1552-cd7e-6139-10e2d49f6381" executionId="0232fc90-7a41-4122-8606-49bfecd16695" testListId="8c84fa94-04c1-424b-9868-57a2d4851a1d" />
    <TestEntry testId="bdf832c7-4b1b-46ba-108c-24820aecab6c" executionId="1c944049-8d85-405e-a3e2-f7323538611e" testListId="8c84fa94-04c1-424b-9868-57a2d4851a1d" />
    <TestEntry testId="dd322307-30fe-42eb-de03-3f10d5ac5bc1" executionId="621f0a85-fd27-40d7-9702-149c4ed773de" testListId="8c84fa94-04c1-424b-9868-57a2d4851a1d" />
    <TestEntry testId="5d88724a-8999-b949-3953-2d7b33250b9e" executionId="f976bdb1-2385-4fe3-bd35-a9a707b7fc66" testListId="8c84fa94-04c1-424b-9868-57a2d4851a1d" />
    <TestEntry testId="2a877341-2887-4390-a26e-b08f5f0932c3" executionId="7187f103-89c6-4822-beaa-a96edc4fedc1" testListId="8c84fa94-04c1-424b-9868-57a2d4851a1d" />
    <TestEntry testId="39bb32bc-3a25-a743-bd59-6e02864ae828" executionId="7949d569-97fe-4fdc-8754-6992e425c5c3" testListId="8c84fa94-04c1-424b-9868-57a2d4851a1d" />
    <TestEntry testId="e506aabf-a52c-3ffc-e7ce-9668498b5a6c" executionId="2d79e31e-c297-4abc-8850-b56ea9b01438" testListId="8c84fa94-04c1-424b-9868-57a2d4851a1d" />
    <TestEntry testId="f87a3c24-9fac-e0ac-0fbf-ceacf1607988" executionId="dd70684f-fa95-4119-901c-e5cd6d76d025" testListId="8c84fa94-04c1-424b-9868-57a2d4851a1d" />
    <TestEntry testId="b80c15af-170b-a892-0764-b38d87d02f36" executionId="4c277d2d-5ee6-46f2-a3e3-ffb3b5796b76" testListId="8c84fa94-04c1-424b-9868-57a2d4851a1d" />
    <TestEntry testId="b6e63550-9bb5-f997-a2d4-6a4fc6f323fb" executionId="e9591c3b-eee7-4fe2-beeb-44aba51c8e4c" testListId="8c84fa94-04c1-424b-9868-57a2d4851a1d" />
    <TestEntry testId="cf5fb565-abce-cb01-897e-0f5212e7aeeb" executionId="6a84d71e-a8f4-4a68-8705-5dd2b2c62f5b" testListId="8c84fa94-04c1-424b-9868-57a2d4851a1d" />
    <TestEntry testId="70b47c13-a465-4226-d5c7-a8b223a58c03" executionId="1358bf05-0103-4d55-b93a-afb20bd70a67" testListId="8c84fa94-04c1-424b-9868-57a2d4851a1d" />
    <TestEntry testId="81ce7cc7-c11c-f72d-40b2-918e2610d155" executionId="9eaf2aa7-feca-46f4-90d3-2c3f1277764c" testListId="8c84fa94-04c1-424b-9868-57a2d4851a1d" />
    <TestEntry testId="cee64311-c3a3-36e2-29e0-c336e2c8c9bb" executionId="b60278fc-9354-44c2-ae15-7a297e3784c1" testListId="8c84fa94-04c1-424b-9868-57a2d4851a1d" />
  </TestEntries>
  <TestLists>
    <TestList name="Results Not in a List" id="8c84fa94-04c1-424b-9868-57a2d4851a1d" />
    <TestList name="All Loaded Results" id="19431567-8539-422a-85d7-44ee4e166bda" />
  </TestLists>
  <ResultSummary outcome="Completed">
    <Counters total="204" executed="204" passed="204" failed="0" error="0" timeout="0" aborted="0" inconclusive="0" passedButRunAborted="0" notRunnable="0" notExecuted="0" disconnected="0" warning="0" completed="0" inProgress="0" pending="0" />
    <CollectorDataEntries>
      <Collector agentName="fv-az635-124" uri="datacollector://microsoft/CoverletCodeCoverage/1.0" collectorDisplayName="XPlat code coverage">
        <UriAttachments>
          <UriAttachment>
            <A href="fv-az635-124/coverage.cobertura.xml"></A>
          </UriAttachment>
        </UriAttachments>
      </Collector>
    </CollectorDataEntries>
  </ResultSummary>
</TestRun>